2023-07-18 08:10:45.369 [DEBUG] [main                     ] [c.i.b.c.k.s.c.Consumer        ] [<init>                   ] Consumers created successfully for topic 'interface-consumer-trans'
2023-07-18 08:10:45.375 [DEBUG] [nterface-consumer-trans-1] [c.i.b.c.k.s.c.Consumer        ] [process                  ] Started consuming messages from 'interface-consumer-trans'
2023-07-18 08:10:45.406 [DEBUG] [main                     ] [c.i.b.c.k.s.c.Consumer        ] [<init>                   ] Consumers created successfully for topic 'interface-consumer-trans'
2023-07-18 08:10:45.407 [DEBUG] [nterface-consumer-trans-2] [c.i.b.c.k.s.c.Consumer        ] [process                  ] Started consuming messages from 'interface-consumer-trans'
2023-07-18 08:10:45.427 [DEBUG] [main                     ] [c.i.b.c.k.s.c.Consumer        ] [<init>                   ] Consumers created successfully for topic 'interface-consumer-trans'
2023-07-18 08:10:45.428 [DEBUG] [nterface-consumer-trans-3] [c.i.b.c.k.s.c.Consumer        ] [process                  ] Started consuming messages from 'interface-consumer-trans'
2023-07-18 08:10:45.444 [DEBUG] [main                     ] [c.i.b.c.k.s.c.Consumer        ] [<init>                   ] Consumers created successfully for topic 'interface-consumer-trans-intl'
2023-07-18 08:10:45.445 [DEBUG] [ace-consumer-trans-intl-1] [c.i.b.c.k.s.c.Consumer        ] [process                  ] Started consuming messages from 'interface-consumer-trans-intl'
2023-07-18 08:10:45.460 [DEBUG] [main                     ] [c.i.b.c.k.s.c.Consumer        ] [<init>                   ] Consumers created successfully for topic 'interface-consumer-trans-intl'
2023-07-18 08:10:45.461 [DEBUG] [ace-consumer-trans-intl-2] [c.i.b.c.k.s.c.Consumer        ] [process                  ] Started consuming messages from 'interface-consumer-trans-intl'
2023-07-18 08:10:45.473 [DEBUG] [main                     ] [c.i.b.c.k.s.c.Consumer        ] [<init>                   ] Consumers created successfully for topic 'interface-consumer-trans-intl'
2023-07-18 08:10:45.474 [DEBUG] [ace-consumer-trans-intl-3] [c.i.b.c.k.s.c.Consumer        ] [process                  ] Started consuming messages from 'interface-consumer-trans-intl'
2023-07-18 08:10:49.416 [FATAL] [ace-consumer-trans-intl-1] [c.i.b.c.k.s.c.Consumer        ] [onPartitionsAssigned     ] Topic 'interface-consumer-trans-intl' Partition '0' Redis offSet '0' Curr Offset '0'
2023-07-18 08:10:49.417 [FATAL] [nterface-consumer-trans-1] [c.i.b.c.k.s.c.Consumer        ] [onPartitionsAssigned     ] Topic 'interface-consumer-trans' Partition '0' Redis offSet '9' Curr Offset '9'
2023-07-18 08:11:18.605 [DEBUG] [nterface-consumer-trans-1] [c.i.b.c.k.s.c.Consumer        ] [process                  ] Topic Name : 'interface-consumer-trans-1 Time taken 152 records 1
2023-07-18 08:11:18.619 [DEBUG] [nterface-consumer-trans-1] [c.i.b.c.k.s.c.Consumer        ] [processRecords           ] Consumed 	interface-consumer-trans	0	9
2023-07-18 08:11:18.653 [DEBUG] [nterface-consumer-trans-1] [c.i.b.c.k.s.c.Consumer        ] [ateRedisAndCommitConsumer] Topic Name : 'interface-consumer-trans-1 Committing now. Record count        1 mLastCommitted Tue Jul 18 08:10:45 IST 2023
2023-07-18 08:11:18.863 [FATAL] [nterface-consumer-trans~1] [c.i.b.c.k.s.c.Consumer        ] [addProducer              ] Topic 'interface-consumer-trans' adding Producer with Thread id '54' and Producer 'Producer [mComponent=SBCV, mTopicName=schedule-blockout-consumer-verify-trans, lastFlushed=1689648078803]' with consumer Consumer [mComponent=IC, mTopicName=interface-consumer-trans, mLastCommitted=1689648078660]
2023-07-18 08:11:18.863 [FATAL] [nterface-consumer-trans~1] [c.i.b.c.k.s.c.Consumer        ] [addProducer              ] Topic 'interface-consumer-trans' adding Producer with Thread id '54' and Producer 'Producer [mComponent=SBCV, mTopicName=schedule-blockout-consumer-verify-trans, lastFlushed=1689648078803]' with consumer Consumer [mComponent=IC, mTopicName=interface-consumer-trans, mLastCommitted=1689648045375]
2023-07-18 08:11:18.863 [FATAL] [nterface-consumer-trans~1] [c.i.b.c.k.s.c.Consumer        ] [addProducer              ] Topic 'interface-consumer-trans' adding Producer with Thread id '54' and Producer 'Producer [mComponent=SBCV, mTopicName=schedule-blockout-consumer-verify-trans, lastFlushed=1689648078803]' with consumer Consumer [mComponent=IC, mTopicName=interface-consumer-trans, mLastCommitted=1689648045407]
2023-07-18 08:11:18.864 [FATAL] [nterface-consumer-trans~1] [c.i.b.c.k.s.c.Consumer        ] [addProducer              ] Topic 'interface-consumer-trans-intl' adding Producer with Thread id '54' and Producer 'Producer [mComponent=SBCV, mTopicName=schedule-blockout-consumer-verify-trans, lastFlushed=1689648078803]' with consumer Consumer [mComponent=IC, mTopicName=interface-consumer-trans-intl, mLastCommitted=1689648045431]
2023-07-18 08:11:18.864 [FATAL] [nterface-consumer-trans~1] [c.i.b.c.k.s.c.Consumer        ] [addProducer              ] Topic 'interface-consumer-trans-intl' adding Producer with Thread id '54' and Producer 'Producer [mComponent=SBCV, mTopicName=schedule-blockout-consumer-verify-trans, lastFlushed=1689648078803]' with consumer Consumer [mComponent=IC, mTopicName=interface-consumer-trans-intl, mLastCommitted=1689648045446]
2023-07-18 08:11:18.864 [FATAL] [nterface-consumer-trans~1] [c.i.b.c.k.s.c.Consumer        ] [addProducer              ] Topic 'interface-consumer-trans-intl' adding Producer with Thread id '54' and Producer 'Producer [mComponent=SBCV, mTopicName=schedule-blockout-consumer-verify-trans, lastFlushed=1689648078803]' with consumer Consumer [mComponent=IC, mTopicName=interface-consumer-trans-intl, mLastCommitted=1689648045461]
2023-07-18 10:20:31.601 [DEBUG] [nterface-consumer-trans-1] [c.i.b.c.k.s.c.Consumer        ] [process                  ] Topic Name : 'interface-consumer-trans-1 Time taken 12 records 1
2023-07-18 10:20:31.601 [DEBUG] [nterface-consumer-trans-1] [c.i.b.c.k.s.c.Consumer        ] [processRecords           ] Consumed 	interface-consumer-trans	0	10
2023-07-18 10:20:31.603 [DEBUG] [nterface-consumer-trans-1] [c.i.b.c.k.s.c.Consumer        ] [ateRedisAndCommitConsumer] Topic Name : 'interface-consumer-trans-1 Committing now. Record count        1 mLastCommitted Tue Jul 18 08:11:18 IST 2023
2023-07-18 10:31:34.864 [DEBUG] [nterface-consumer-trans-1] [c.i.b.c.k.s.c.Consumer        ] [process                  ] Topic Name : 'interface-consumer-trans-1 Time taken 27 records 1
2023-07-18 10:31:34.865 [DEBUG] [nterface-consumer-trans-1] [c.i.b.c.k.s.c.Consumer        ] [processRecords           ] Consumed 	interface-consumer-trans	0	11
2023-07-18 10:31:34.866 [DEBUG] [nterface-consumer-trans-1] [c.i.b.c.k.s.c.Consumer        ] [ateRedisAndCommitConsumer] Topic Name : 'interface-consumer-trans-1 Committing now. Record count        1 mLastCommitted Tue Jul 18 10:20:31 IST 2023
2023-07-18 16:58:08.044 [DEBUG] [nterface-consumer-trans-1] [c.i.b.c.k.s.c.Consumer        ] [process                  ] Topic Name : 'interface-consumer-trans-1 Time taken 10 records 1
2023-07-18 16:58:08.044 [DEBUG] [nterface-consumer-trans-1] [c.i.b.c.k.s.c.Consumer        ] [processRecords           ] Consumed 	interface-consumer-trans	0	12
2023-07-18 16:58:08.046 [DEBUG] [nterface-consumer-trans-1] [c.i.b.c.k.s.c.Consumer        ] [ateRedisAndCommitConsumer] Topic Name : 'interface-consumer-trans-1 Committing now. Record count        1 mLastCommitted Tue Jul 18 10:31:34 IST 2023
2023-07-18 16:58:08.066 [FATAL] [terface-consumer-trans~10] [c.i.b.c.k.s.c.Consumer        ] [addProducer              ] Topic 'interface-consumer-trans' adding Producer with Thread id '63' and Producer 'Producer [mComponent=SBCV, mTopicName=schedule-blockout-consumer-verify-trans, lastFlushed=1689679688052]' with consumer Consumer [mComponent=IC, mTopicName=interface-consumer-trans, mLastCommitted=1689679688047]
2023-07-18 16:58:08.067 [FATAL] [terface-consumer-trans~10] [c.i.b.c.k.s.c.Consumer        ] [addProducer              ] Topic 'interface-consumer-trans' adding Producer with Thread id '63' and Producer 'Producer [mComponent=SBCV, mTopicName=schedule-blockout-consumer-verify-trans, lastFlushed=1689679688052]' with consumer Consumer [mComponent=IC, mTopicName=interface-consumer-trans, mLastCommitted=1689648045375]
2023-07-18 16:58:08.067 [FATAL] [terface-consumer-trans~10] [c.i.b.c.k.s.c.Consumer        ] [addProducer              ] Topic 'interface-consumer-trans' adding Producer with Thread id '63' and Producer 'Producer [mComponent=SBCV, mTopicName=schedule-blockout-consumer-verify-trans, lastFlushed=1689679688052]' with consumer Consumer [mComponent=IC, mTopicName=interface-consumer-trans, mLastCommitted=1689648045407]
2023-07-18 16:58:08.068 [FATAL] [terface-consumer-trans~10] [c.i.b.c.k.s.c.Consumer        ] [addProducer              ] Topic 'interface-consumer-trans-intl' adding Producer with Thread id '63' and Producer 'Producer [mComponent=SBCV, mTopicName=schedule-blockout-consumer-verify-trans, lastFlushed=1689679688052]' with consumer Consumer [mComponent=IC, mTopicName=interface-consumer-trans-intl, mLastCommitted=1689648045431]
2023-07-18 16:58:08.068 [FATAL] [terface-consumer-trans~10] [c.i.b.c.k.s.c.Consumer        ] [addProducer              ] Topic 'interface-consumer-trans-intl' adding Producer with Thread id '63' and Producer 'Producer [mComponent=SBCV, mTopicName=schedule-blockout-consumer-verify-trans, lastFlushed=1689679688052]' with consumer Consumer [mComponent=IC, mTopicName=interface-consumer-trans-intl, mLastCommitted=1689648045446]
2023-07-18 16:58:08.069 [FATAL] [terface-consumer-trans~10] [c.i.b.c.k.s.c.Consumer        ] [addProducer              ] Topic 'interface-consumer-trans-intl' adding Producer with Thread id '63' and Producer 'Producer [mComponent=SBCV, mTopicName=schedule-blockout-consumer-verify-trans, lastFlushed=1689679688052]' with consumer Consumer [mComponent=IC, mTopicName=interface-consumer-trans-intl, mLastCommitted=1689648045461]
