2023-09-30 15:37:20.075 [DEBUG] [main                     ] [c.i.b.c.k.s.c.Consumer        ] [<init>                   ] Consumers created successfully for topic 'interface-consumer-trans'
2023-09-30 15:37:20.081 [DEBUG] [nterface-consumer-trans-1] [c.i.b.c.k.s.c.Consumer        ] [process                  ] Started consuming messages from 'interface-consumer-trans'
2023-09-30 15:37:20.093 [DEBUG] [main                     ] [c.i.b.c.k.s.c.Consumer        ] [<init>                   ] Consumers created successfully for topic 'interface-consumer-trans'
2023-09-30 15:37:20.094 [DEBUG] [nterface-consumer-trans-2] [c.i.b.c.k.s.c.Consumer        ] [process                  ] Started consuming messages from 'interface-consumer-trans'
2023-09-30 15:37:20.105 [DEBUG] [main                     ] [c.i.b.c.k.s.c.Consumer        ] [<init>                   ] Consumers created successfully for topic 'interface-consumer-trans'
2023-09-30 15:37:20.110 [DEBUG] [nterface-consumer-trans-3] [c.i.b.c.k.s.c.Consumer        ] [process                  ] Started consuming messages from 'interface-consumer-trans'
2023-09-30 15:37:20.116 [DEBUG] [main                     ] [c.i.b.c.k.s.c.Consumer        ] [<init>                   ] Consumers created successfully for topic 'interface-consumer-trans-intl'
2023-09-30 15:37:20.122 [DEBUG] [ace-consumer-trans-intl-1] [c.i.b.c.k.s.c.Consumer        ] [process                  ] Started consuming messages from 'interface-consumer-trans-intl'
2023-09-30 15:37:20.126 [DEBUG] [main                     ] [c.i.b.c.k.s.c.Consumer        ] [<init>                   ] Consumers created successfully for topic 'interface-consumer-trans-intl'
2023-09-30 15:37:20.130 [DEBUG] [ace-consumer-trans-intl-2] [c.i.b.c.k.s.c.Consumer        ] [process                  ] Started consuming messages from 'interface-consumer-trans-intl'
2023-09-30 15:37:20.135 [DEBUG] [main                     ] [c.i.b.c.k.s.c.Consumer        ] [<init>                   ] Consumers created successfully for topic 'interface-consumer-trans-intl'
2023-09-30 15:37:20.147 [DEBUG] [ace-consumer-trans-intl-3] [c.i.b.c.k.s.c.Consumer        ] [process                  ] Started consuming messages from 'interface-consumer-trans-intl'
2023-09-30 15:37:20.188 [DEBUG] [main                     ] [c.i.b.c.k.s.c.Consumer        ] [<init>                   ] Consumers created successfully for topic 'schedule-blockout-consumer-verify-trans'
2023-09-30 15:37:20.189 [DEBUG] [t-consumer-verify-trans-1] [c.i.b.c.k.s.c.Consumer        ] [process                  ] Started consuming messages from 'schedule-blockout-consumer-verify-trans'
2023-09-30 15:37:20.197 [DEBUG] [main                     ] [c.i.b.c.k.s.c.Consumer        ] [<init>                   ] Consumers created successfully for topic 'schedule-blockout-consumer-verify-trans'
2023-09-30 15:37:20.198 [DEBUG] [t-consumer-verify-trans-2] [c.i.b.c.k.s.c.Consumer        ] [process                  ] Started consuming messages from 'schedule-blockout-consumer-verify-trans'
2023-09-30 15:37:20.217 [DEBUG] [main                     ] [c.i.b.c.k.s.c.Consumer        ] [<init>                   ] Consumers created successfully for topic 'schedule-blockout-consumer-verify-trans'
2023-09-30 15:37:20.221 [DEBUG] [t-consumer-verify-trans-3] [c.i.b.c.k.s.c.Consumer        ] [process                  ] Started consuming messages from 'schedule-blockout-consumer-verify-trans'
2023-09-30 15:37:20.229 [DEBUG] [main                     ] [c.i.b.c.k.s.c.Consumer        ] [<init>                   ] Consumers created successfully for topic 'schedule-blockout-consumer-verify-trans-intl'
2023-09-30 15:37:20.230 [DEBUG] [sumer-verify-trans-intl-1] [c.i.b.c.k.s.c.Consumer        ] [process                  ] Started consuming messages from 'schedule-blockout-consumer-verify-trans-intl'
2023-09-30 15:37:20.246 [DEBUG] [main                     ] [c.i.b.c.k.s.c.Consumer        ] [<init>                   ] Consumers created successfully for topic 'schedule-blockout-consumer-verify-trans-intl'
2023-09-30 15:37:20.253 [DEBUG] [main                     ] [c.i.b.c.k.s.c.Consumer        ] [<init>                   ] Consumers created successfully for topic 'schedule-blockout-consumer-verify-trans-intl'
2023-09-30 15:37:20.253 [DEBUG] [sumer-verify-trans-intl-2] [c.i.b.c.k.s.c.Consumer        ] [process                  ] Started consuming messages from 'schedule-blockout-consumer-verify-trans-intl'
2023-09-30 15:37:20.260 [DEBUG] [sumer-verify-trans-intl-3] [c.i.b.c.k.s.c.Consumer        ] [process                  ] Started consuming messages from 'schedule-blockout-consumer-verify-trans-intl'
2023-09-30 15:37:20.307 [DEBUG] [main                     ] [c.i.b.c.k.s.c.Consumer        ] [<init>                   ] Consumers created successfully for topic 'verify-consumer-trans'
2023-09-30 15:37:20.316 [DEBUG] [main                     ] [c.i.b.c.k.s.c.Consumer        ] [<init>                   ] Consumers created successfully for topic 'verify-consumer-trans'
2023-09-30 15:37:20.319 [DEBUG] [verify-consumer-trans-2  ] [c.i.b.c.k.s.c.Consumer        ] [process                  ] Started consuming messages from 'verify-consumer-trans'
2023-09-30 15:37:20.323 [DEBUG] [main                     ] [c.i.b.c.k.s.c.Consumer        ] [<init>                   ] Consumers created successfully for topic 'verify-consumer-trans'
2023-09-30 15:37:20.334 [DEBUG] [verify-consumer-trans-1  ] [c.i.b.c.k.s.c.Consumer        ] [process                  ] Started consuming messages from 'verify-consumer-trans'
2023-09-30 15:37:20.335 [DEBUG] [verify-consumer-trans-3  ] [c.i.b.c.k.s.c.Consumer        ] [process                  ] Started consuming messages from 'verify-consumer-trans'
2023-09-30 15:37:20.341 [DEBUG] [main                     ] [c.i.b.c.k.s.c.Consumer        ] [<init>                   ] Consumers created successfully for topic 'verify-consumer-trans-intl'
2023-09-30 15:37:20.352 [DEBUG] [ify-consumer-trans-intl-1] [c.i.b.c.k.s.c.Consumer        ] [process                  ] Started consuming messages from 'verify-consumer-trans-intl'
2023-09-30 15:37:20.359 [DEBUG] [main                     ] [c.i.b.c.k.s.c.Consumer        ] [<init>                   ] Consumers created successfully for topic 'verify-consumer-trans-intl'
2023-09-30 15:37:20.372 [DEBUG] [main                     ] [c.i.b.c.k.s.c.Consumer        ] [<init>                   ] Consumers created successfully for topic 'verify-consumer-trans-intl'
2023-09-30 15:37:20.375 [DEBUG] [ify-consumer-trans-intl-2] [c.i.b.c.k.s.c.Consumer        ] [process                  ] Started consuming messages from 'verify-consumer-trans-intl'
2023-09-30 15:37:20.378 [DEBUG] [ify-consumer-trans-intl-3] [c.i.b.c.k.s.c.Consumer        ] [process                  ] Started consuming messages from 'verify-consumer-trans-intl'
2023-09-30 15:37:20.409 [DEBUG] [main                     ] [c.i.b.c.k.s.c.Consumer        ] [<init>                   ] Consumers created successfully for topic 'router-consumer-trans'
2023-09-30 15:37:20.419 [DEBUG] [router-consumer-trans-1  ] [c.i.b.c.k.s.c.Consumer        ] [process                  ] Started consuming messages from 'router-consumer-trans'
2023-09-30 15:37:20.428 [DEBUG] [main                     ] [c.i.b.c.k.s.c.Consumer        ] [<init>                   ] Consumers created successfully for topic 'router-consumer-trans'
2023-09-30 15:37:20.432 [DEBUG] [main                     ] [c.i.b.c.k.s.c.Consumer        ] [<init>                   ] Consumers created successfully for topic 'router-consumer-trans'
2023-09-30 15:37:20.432 [DEBUG] [router-consumer-trans-2  ] [c.i.b.c.k.s.c.Consumer        ] [process                  ] Started consuming messages from 'router-consumer-trans'
2023-09-30 15:37:20.446 [DEBUG] [main                     ] [c.i.b.c.k.s.c.Consumer        ] [<init>                   ] Consumers created successfully for topic 'router-consumer-trans-intl'
2023-09-30 15:37:20.451 [DEBUG] [main                     ] [c.i.b.c.k.s.c.Consumer        ] [<init>                   ] Consumers created successfully for topic 'router-consumer-trans-intl'
2023-09-30 15:37:20.452 [DEBUG] [router-consumer-trans-3  ] [c.i.b.c.k.s.c.Consumer        ] [process                  ] Started consuming messages from 'router-consumer-trans'
2023-09-30 15:37:20.460 [DEBUG] [main                     ] [c.i.b.c.k.s.c.Consumer        ] [<init>                   ] Consumers created successfully for topic 'router-consumer-trans-intl'
2023-09-30 15:37:20.460 [DEBUG] [ter-consumer-trans-intl-1] [c.i.b.c.k.s.c.Consumer        ] [process                  ] Started consuming messages from 'router-consumer-trans-intl'
2023-09-30 15:37:20.460 [DEBUG] [ter-consumer-trans-intl-2] [c.i.b.c.k.s.c.Consumer        ] [process                  ] Started consuming messages from 'router-consumer-trans-intl'
2023-09-30 15:37:20.470 [DEBUG] [ter-consumer-trans-intl-3] [c.i.b.c.k.s.c.Consumer        ] [process                  ] Started consuming messages from 'router-consumer-trans-intl'
2023-09-30 15:37:20.620 [DEBUG] [main                     ] [c.i.b.c.k.s.c.Consumer        ] [<init>                   ] Consumers created successfully for topic 'carrier-handover-trans'
2023-09-30 15:37:20.621 [DEBUG] [carrier-handover-trans-1 ] [c.i.b.c.k.s.c.Consumer        ] [process                  ] Started consuming messages from 'carrier-handover-trans'
2023-09-30 15:37:20.664 [DEBUG] [main                     ] [c.i.b.c.k.s.c.Consumer        ] [<init>                   ] Consumers created successfully for topic 'carrier-handover-trans'
2023-09-30 15:37:20.670 [DEBUG] [main                     ] [c.i.b.c.k.s.c.Consumer        ] [<init>                   ] Consumers created successfully for topic 'carrier-handover-trans'
2023-09-30 15:37:20.682 [DEBUG] [carrier-handover-trans-2 ] [c.i.b.c.k.s.c.Consumer        ] [process                  ] Started consuming messages from 'carrier-handover-trans'
2023-09-30 15:37:20.686 [DEBUG] [carrier-handover-trans-3 ] [c.i.b.c.k.s.c.Consumer        ] [process                  ] Started consuming messages from 'carrier-handover-trans'
2023-09-30 15:37:20.699 [DEBUG] [main                     ] [c.i.b.c.k.s.c.Consumer        ] [<init>                   ] Consumers created successfully for topic 'carrier-handover-trans-intl'
2023-09-30 15:37:20.703 [DEBUG] [main                     ] [c.i.b.c.k.s.c.Consumer        ] [<init>                   ] Consumers created successfully for topic 'carrier-handover-trans-intl'
2023-09-30 15:37:20.705 [DEBUG] [ier-handover-trans-intl-2] [c.i.b.c.k.s.c.Consumer        ] [process                  ] Started consuming messages from 'carrier-handover-trans-intl'
2023-09-30 15:37:20.705 [DEBUG] [ier-handover-trans-intl-1] [c.i.b.c.k.s.c.Consumer        ] [process                  ] Started consuming messages from 'carrier-handover-trans-intl'
2023-09-30 15:37:20.710 [DEBUG] [main                     ] [c.i.b.c.k.s.c.Consumer        ] [<init>                   ] Consumers created successfully for topic 'carrier-handover-trans-intl'
2023-09-30 15:37:20.715 [DEBUG] [ier-handover-trans-intl-3] [c.i.b.c.k.s.c.Consumer        ] [process                  ] Started consuming messages from 'carrier-handover-trans-intl'
2023-09-30 15:37:23.969 [FATAL] [ify-consumer-trans-intl-2] [c.i.b.c.k.s.c.Consumer        ] [onPartitionsAssigned     ] Topic 'verify-consumer-trans-intl' Partition '6' Redis offSet '4' Curr Offset '4'
2023-09-30 15:37:23.969 [FATAL] [ify-consumer-trans-intl-2] [c.i.b.c.k.s.c.Consumer        ] [onPartitionsAssigned     ] Topic 'verify-consumer-trans-intl' Partition '5' Redis offSet '5' Curr Offset '5'
2023-09-30 15:37:23.969 [FATAL] [sumer-verify-trans-intl-1] [c.i.b.c.k.s.c.Consumer        ] [onPartitionsAssigned     ] Topic 'schedule-blockout-consumer-verify-trans-intl' Partition '3' Redis offSet '5' Curr Offset '5'
2023-09-30 15:37:23.970 [FATAL] [ify-consumer-trans-intl-2] [c.i.b.c.k.s.c.Consumer        ] [onPartitionsAssigned     ] Topic 'verify-consumer-trans-intl' Partition '4' Redis offSet '4' Curr Offset '4'
2023-09-30 15:37:23.970 [FATAL] [sumer-verify-trans-intl-1] [c.i.b.c.k.s.c.Consumer        ] [onPartitionsAssigned     ] Topic 'schedule-blockout-consumer-verify-trans-intl' Partition '0' Redis offSet '3' Curr Offset '3'
2023-09-30 15:37:23.970 [FATAL] [sumer-verify-trans-intl-1] [c.i.b.c.k.s.c.Consumer        ] [onPartitionsAssigned     ] Topic 'schedule-blockout-consumer-verify-trans-intl' Partition '2' Redis offSet '4' Curr Offset '4'
2023-09-30 15:37:23.970 [FATAL] [sumer-verify-trans-intl-1] [c.i.b.c.k.s.c.Consumer        ] [onPartitionsAssigned     ] Topic 'schedule-blockout-consumer-verify-trans-intl' Partition '1' Redis offSet '5' Curr Offset '5'
2023-09-30 15:37:23.971 [FATAL] [verify-consumer-trans-1  ] [c.i.b.c.k.s.c.Consumer        ] [onPartitionsAssigned     ] Topic 'verify-consumer-trans' Partition '3' Redis offSet '10' Curr Offset '10'
2023-09-30 15:37:23.971 [FATAL] [verify-consumer-trans-1  ] [c.i.b.c.k.s.c.Consumer        ] [onPartitionsAssigned     ] Topic 'verify-consumer-trans' Partition '0' Redis offSet '10' Curr Offset '10'
2023-09-30 15:37:23.971 [FATAL] [verify-consumer-trans-1  ] [c.i.b.c.k.s.c.Consumer        ] [onPartitionsAssigned     ] Topic 'verify-consumer-trans' Partition '1' Redis offSet '14' Curr Offset '14'
2023-09-30 15:37:23.971 [FATAL] [verify-consumer-trans-1  ] [c.i.b.c.k.s.c.Consumer        ] [onPartitionsAssigned     ] Topic 'verify-consumer-trans' Partition '2' Redis offSet '9' Curr Offset '9'
2023-09-30 15:37:23.976 [FATAL] [ify-consumer-trans-intl-3] [c.i.b.c.k.s.c.Consumer        ] [onPartitionsAssigned     ] Topic 'verify-consumer-trans-intl' Partition '9' Redis offSet '2' Curr Offset '2'
2023-09-30 15:37:23.977 [FATAL] [nterface-consumer-trans-3] [c.i.b.c.k.s.c.Consumer        ] [onPartitionsAssigned     ] Topic 'interface-consumer-trans' Partition '9' Redis offSet '27' Curr Offset '27'
2023-09-30 15:37:23.977 [FATAL] [sumer-verify-trans-intl-3] [c.i.b.c.k.s.c.Consumer        ] [onPartitionsAssigned     ] Topic 'schedule-blockout-consumer-verify-trans-intl' Partition '8' Redis offSet '6' Curr Offset '6'
2023-09-30 15:37:23.977 [FATAL] [sumer-verify-trans-intl-3] [c.i.b.c.k.s.c.Consumer        ] [onPartitionsAssigned     ] Topic 'schedule-blockout-consumer-verify-trans-intl' Partition '7' Redis offSet '5' Curr Offset '5'
2023-09-30 15:37:23.977 [FATAL] [sumer-verify-trans-intl-3] [c.i.b.c.k.s.c.Consumer        ] [onPartitionsAssigned     ] Topic 'schedule-blockout-consumer-verify-trans-intl' Partition '9' Redis offSet '4' Curr Offset '4'
2023-09-30 15:37:23.977 [FATAL] [ify-consumer-trans-intl-3] [c.i.b.c.k.s.c.Consumer        ] [onPartitionsAssigned     ] Topic 'verify-consumer-trans-intl' Partition '8' Redis offSet '4' Curr Offset '4'
2023-09-30 15:37:23.978 [FATAL] [ify-consumer-trans-intl-3] [c.i.b.c.k.s.c.Consumer        ] [onPartitionsAssigned     ] Topic 'verify-consumer-trans-intl' Partition '7' Redis offSet '5' Curr Offset '5'
2023-09-30 15:37:23.980 [FATAL] [ter-consumer-trans-intl-2] [c.i.b.c.k.s.c.Consumer        ] [onPartitionsAssigned     ] Topic 'router-consumer-trans-intl' Partition '4' Redis offSet '1' Curr Offset '1'
2023-09-30 15:37:23.980 [FATAL] [ter-consumer-trans-intl-2] [c.i.b.c.k.s.c.Consumer        ] [onPartitionsAssigned     ] Topic 'router-consumer-trans-intl' Partition '5' Redis offSet '4' Curr Offset '4'
2023-09-30 15:37:23.980 [FATAL] [ter-consumer-trans-intl-2] [c.i.b.c.k.s.c.Consumer        ] [onPartitionsAssigned     ] Topic 'router-consumer-trans-intl' Partition '6' Redis offSet '3' Curr Offset '3'
2023-09-30 15:37:23.981 [FATAL] [nterface-consumer-trans-1] [c.i.b.c.k.s.c.Consumer        ] [onPartitionsAssigned     ] Topic 'interface-consumer-trans' Partition '3' Redis offSet '20' Curr Offset '20'
2023-09-30 15:37:23.981 [FATAL] [nterface-consumer-trans-1] [c.i.b.c.k.s.c.Consumer        ] [onPartitionsAssigned     ] Topic 'interface-consumer-trans' Partition '2' Redis offSet '21' Curr Offset '21'
2023-09-30 15:37:23.981 [FATAL] [nterface-consumer-trans-1] [c.i.b.c.k.s.c.Consumer        ] [onPartitionsAssigned     ] Topic 'interface-consumer-trans' Partition '1' Redis offSet '22' Curr Offset '22'
2023-09-30 15:37:23.981 [FATAL] [nterface-consumer-trans-1] [c.i.b.c.k.s.c.Consumer        ] [onPartitionsAssigned     ] Topic 'interface-consumer-trans' Partition '0' Redis offSet '25' Curr Offset '25'
2023-09-30 15:37:23.986 [FATAL] [verify-consumer-trans-2  ] [c.i.b.c.k.s.c.Consumer        ] [onPartitionsAssigned     ] Topic 'verify-consumer-trans' Partition '4' Redis offSet '13' Curr Offset '13'
2023-09-30 15:37:23.986 [FATAL] [verify-consumer-trans-2  ] [c.i.b.c.k.s.c.Consumer        ] [onPartitionsAssigned     ] Topic 'verify-consumer-trans' Partition '5' Redis offSet '10' Curr Offset '10'
2023-09-30 15:37:23.986 [FATAL] [verify-consumer-trans-2  ] [c.i.b.c.k.s.c.Consumer        ] [onPartitionsAssigned     ] Topic 'verify-consumer-trans' Partition '6' Redis offSet '10' Curr Offset '10'
2023-09-30 15:37:23.986 [FATAL] [ace-consumer-trans-intl-2] [c.i.b.c.k.s.c.Consumer        ] [onPartitionsAssigned     ] Topic 'interface-consumer-trans-intl' Partition '4' Redis offSet '5' Curr Offset '5'
2023-09-30 15:37:23.986 [FATAL] [ace-consumer-trans-intl-2] [c.i.b.c.k.s.c.Consumer        ] [onPartitionsAssigned     ] Topic 'interface-consumer-trans-intl' Partition '5' Redis offSet '4' Curr Offset '4'
2023-09-30 15:37:23.986 [FATAL] [ace-consumer-trans-intl-2] [c.i.b.c.k.s.c.Consumer        ] [onPartitionsAssigned     ] Topic 'interface-consumer-trans-intl' Partition '6' Redis offSet '3' Curr Offset '3'
2023-09-30 15:37:23.988 [FATAL] [ace-consumer-trans-intl-1] [c.i.b.c.k.s.c.Consumer        ] [onPartitionsAssigned     ] Topic 'interface-consumer-trans-intl' Partition '0' Redis offSet '4' Curr Offset '4'
2023-09-30 15:37:23.988 [FATAL] [ace-consumer-trans-intl-1] [c.i.b.c.k.s.c.Consumer        ] [onPartitionsAssigned     ] Topic 'interface-consumer-trans-intl' Partition '1' Redis offSet '3' Curr Offset '3'
2023-09-30 15:37:23.989 [FATAL] [ace-consumer-trans-intl-1] [c.i.b.c.k.s.c.Consumer        ] [onPartitionsAssigned     ] Topic 'interface-consumer-trans-intl' Partition '2' Redis offSet '4' Curr Offset '4'
2023-09-30 15:37:23.989 [FATAL] [ace-consumer-trans-intl-1] [c.i.b.c.k.s.c.Consumer        ] [onPartitionsAssigned     ] Topic 'interface-consumer-trans-intl' Partition '3' Redis offSet '6' Curr Offset '6'
2023-09-30 15:37:23.989 [FATAL] [t-consumer-verify-trans-3] [c.i.b.c.k.s.c.Consumer        ] [onPartitionsAssigned     ] Topic 'schedule-blockout-consumer-verify-trans' Partition '9' Redis offSet '7' Curr Offset '7'
2023-09-30 15:37:23.989 [FATAL] [t-consumer-verify-trans-3] [c.i.b.c.k.s.c.Consumer        ] [onPartitionsAssigned     ] Topic 'schedule-blockout-consumer-verify-trans' Partition '7' Redis offSet '14' Curr Offset '14'
2023-09-30 15:37:23.989 [FATAL] [t-consumer-verify-trans-3] [c.i.b.c.k.s.c.Consumer        ] [onPartitionsAssigned     ] Topic 'schedule-blockout-consumer-verify-trans' Partition '8' Redis offSet '6' Curr Offset '6'
2023-09-30 15:37:24.000 [FATAL] [nterface-consumer-trans-3] [c.i.b.c.k.s.c.Consumer        ] [onPartitionsAssigned     ] Topic 'interface-consumer-trans' Partition '8' Redis offSet '19' Curr Offset '19'
2023-09-30 15:37:24.000 [FATAL] [nterface-consumer-trans-3] [c.i.b.c.k.s.c.Consumer        ] [onPartitionsAssigned     ] Topic 'interface-consumer-trans' Partition '7' Redis offSet '30' Curr Offset '30'
2023-09-30 15:37:24.002 [FATAL] [router-consumer-trans-2  ] [c.i.b.c.k.s.c.Consumer        ] [onPartitionsAssigned     ] Topic 'router-consumer-trans' Partition '4' Redis offSet '7' Curr Offset '7'
2023-09-30 15:37:24.002 [FATAL] [router-consumer-trans-2  ] [c.i.b.c.k.s.c.Consumer        ] [onPartitionsAssigned     ] Topic 'router-consumer-trans' Partition '6' Redis offSet '10' Curr Offset '10'
2023-09-30 15:37:24.002 [FATAL] [router-consumer-trans-2  ] [c.i.b.c.k.s.c.Consumer        ] [onPartitionsAssigned     ] Topic 'router-consumer-trans' Partition '5' Redis offSet '5' Curr Offset '5'
2023-09-30 15:37:24.007 [FATAL] [t-consumer-verify-trans-1] [c.i.b.c.k.s.c.Consumer        ] [onPartitionsAssigned     ] Topic 'schedule-blockout-consumer-verify-trans' Partition '1' Redis offSet '11' Curr Offset '11'
2023-09-30 15:37:24.007 [FATAL] [t-consumer-verify-trans-1] [c.i.b.c.k.s.c.Consumer        ] [onPartitionsAssigned     ] Topic 'schedule-blockout-consumer-verify-trans' Partition '2' Redis offSet '12' Curr Offset '12'
2023-09-30 15:37:24.007 [FATAL] [t-consumer-verify-trans-1] [c.i.b.c.k.s.c.Consumer        ] [onPartitionsAssigned     ] Topic 'schedule-blockout-consumer-verify-trans' Partition '0' Redis offSet '13' Curr Offset '13'
2023-09-30 15:37:24.010 [FATAL] [nterface-consumer-trans-2] [c.i.b.c.k.s.c.Consumer        ] [onPartitionsAssigned     ] Topic 'interface-consumer-trans' Partition '6' Redis offSet '20' Curr Offset '20'
2023-09-30 15:37:24.010 [FATAL] [nterface-consumer-trans-2] [c.i.b.c.k.s.c.Consumer        ] [onPartitionsAssigned     ] Topic 'interface-consumer-trans' Partition '5' Redis offSet '23' Curr Offset '23'
2023-09-30 15:37:24.010 [FATAL] [nterface-consumer-trans-2] [c.i.b.c.k.s.c.Consumer        ] [onPartitionsAssigned     ] Topic 'interface-consumer-trans' Partition '4' Redis offSet '30' Curr Offset '30'
2023-09-30 15:37:24.012 [FATAL] [t-consumer-verify-trans-1] [c.i.b.c.k.s.c.Consumer        ] [onPartitionsAssigned     ] Topic 'schedule-blockout-consumer-verify-trans' Partition '3' Redis offSet '10' Curr Offset '10'
2023-09-30 15:37:24.016 [FATAL] [router-consumer-trans-3  ] [c.i.b.c.k.s.c.Consumer        ] [onPartitionsAssigned     ] Topic 'router-consumer-trans' Partition '8' Redis offSet '8' Curr Offset '8'
2023-09-30 15:37:24.016 [FATAL] [router-consumer-trans-3  ] [c.i.b.c.k.s.c.Consumer        ] [onPartitionsAssigned     ] Topic 'router-consumer-trans' Partition '7' Redis offSet '6' Curr Offset '6'
2023-09-30 15:37:24.016 [FATAL] [router-consumer-trans-3  ] [c.i.b.c.k.s.c.Consumer        ] [onPartitionsAssigned     ] Topic 'router-consumer-trans' Partition '9' Redis offSet '8' Curr Offset '8'
2023-09-30 15:37:24.016 [FATAL] [router-consumer-trans-1  ] [c.i.b.c.k.s.c.Consumer        ] [onPartitionsAssigned     ] Topic 'router-consumer-trans' Partition '0' Redis offSet '12' Curr Offset '12'
2023-09-30 15:37:24.016 [FATAL] [router-consumer-trans-1  ] [c.i.b.c.k.s.c.Consumer        ] [onPartitionsAssigned     ] Topic 'router-consumer-trans' Partition '2' Redis offSet '11' Curr Offset '11'
2023-09-30 15:37:24.016 [FATAL] [router-consumer-trans-1  ] [c.i.b.c.k.s.c.Consumer        ] [onPartitionsAssigned     ] Topic 'router-consumer-trans' Partition '1' Redis offSet '6' Curr Offset '6'
2023-09-30 15:37:24.017 [FATAL] [router-consumer-trans-1  ] [c.i.b.c.k.s.c.Consumer        ] [onPartitionsAssigned     ] Topic 'router-consumer-trans' Partition '3' Redis offSet '10' Curr Offset '10'
2023-09-30 15:37:24.018 [FATAL] [t-consumer-verify-trans-2] [c.i.b.c.k.s.c.Consumer        ] [onPartitionsAssigned     ] Topic 'schedule-blockout-consumer-verify-trans' Partition '5' Redis offSet '14' Curr Offset '14'
2023-09-30 15:37:24.018 [FATAL] [t-consumer-verify-trans-2] [c.i.b.c.k.s.c.Consumer        ] [onPartitionsAssigned     ] Topic 'schedule-blockout-consumer-verify-trans' Partition '6' Redis offSet '12' Curr Offset '12'
2023-09-30 15:37:24.018 [FATAL] [t-consumer-verify-trans-2] [c.i.b.c.k.s.c.Consumer        ] [onPartitionsAssigned     ] Topic 'schedule-blockout-consumer-verify-trans' Partition '4' Redis offSet '19' Curr Offset '19'
2023-09-30 15:37:24.018 [FATAL] [ace-consumer-trans-intl-3] [c.i.b.c.k.s.c.Consumer        ] [onPartitionsAssigned     ] Topic 'interface-consumer-trans-intl' Partition '7' Redis offSet '6' Curr Offset '6'
2023-09-30 15:37:24.019 [FATAL] [ace-consumer-trans-intl-3] [c.i.b.c.k.s.c.Consumer        ] [onPartitionsAssigned     ] Topic 'interface-consumer-trans-intl' Partition '8' Redis offSet '4' Curr Offset '4'
2023-09-30 15:37:24.019 [FATAL] [ace-consumer-trans-intl-3] [c.i.b.c.k.s.c.Consumer        ] [onPartitionsAssigned     ] Topic 'interface-consumer-trans-intl' Partition '9' Redis offSet '4' Curr Offset '4'
2023-09-30 15:37:24.020 [FATAL] [verify-consumer-trans-3  ] [c.i.b.c.k.s.c.Consumer        ] [onPartitionsAssigned     ] Topic 'verify-consumer-trans' Partition '7' Redis offSet '12' Curr Offset '12'
2023-09-30 15:37:24.020 [FATAL] [verify-consumer-trans-3  ] [c.i.b.c.k.s.c.Consumer        ] [onPartitionsAssigned     ] Topic 'verify-consumer-trans' Partition '8' Redis offSet '15' Curr Offset '15'
2023-09-30 15:37:24.021 [FATAL] [verify-consumer-trans-3  ] [c.i.b.c.k.s.c.Consumer        ] [onPartitionsAssigned     ] Topic 'verify-consumer-trans' Partition '9' Redis offSet '14' Curr Offset '14'
2023-09-30 15:37:24.022 [FATAL] [sumer-verify-trans-intl-2] [c.i.b.c.k.s.c.Consumer        ] [onPartitionsAssigned     ] Topic 'schedule-blockout-consumer-verify-trans-intl' Partition '4' Redis offSet '2' Curr Offset '2'
2023-09-30 15:37:24.022 [FATAL] [sumer-verify-trans-intl-2] [c.i.b.c.k.s.c.Consumer        ] [onPartitionsAssigned     ] Topic 'schedule-blockout-consumer-verify-trans-intl' Partition '6' Redis offSet '1' Curr Offset '1'
2023-09-30 15:37:24.022 [FATAL] [sumer-verify-trans-intl-2] [c.i.b.c.k.s.c.Consumer        ] [onPartitionsAssigned     ] Topic 'schedule-blockout-consumer-verify-trans-intl' Partition '5' Redis offSet '8' Curr Offset '8'
2023-09-30 15:37:24.024 [FATAL] [ify-consumer-trans-intl-1] [c.i.b.c.k.s.c.Consumer        ] [onPartitionsAssigned     ] Topic 'verify-consumer-trans-intl' Partition '2' Redis offSet '5' Curr Offset '5'
2023-09-30 15:37:24.024 [FATAL] [ter-consumer-trans-intl-1] [c.i.b.c.k.s.c.Consumer        ] [onPartitionsAssigned     ] Topic 'router-consumer-trans-intl' Partition '3' Redis offSet '4' Curr Offset '4'
2023-09-30 15:37:24.024 [FATAL] [ify-consumer-trans-intl-1] [c.i.b.c.k.s.c.Consumer        ] [onPartitionsAssigned     ] Topic 'verify-consumer-trans-intl' Partition '1' Redis offSet '4' Curr Offset '4'
2023-09-30 15:37:24.024 [FATAL] [ter-consumer-trans-intl-1] [c.i.b.c.k.s.c.Consumer        ] [onPartitionsAssigned     ] Topic 'router-consumer-trans-intl' Partition '0' Redis offSet '1' Curr Offset '1'
2023-09-30 15:37:24.024 [FATAL] [ify-consumer-trans-intl-1] [c.i.b.c.k.s.c.Consumer        ] [onPartitionsAssigned     ] Topic 'verify-consumer-trans-intl' Partition '0' Redis offSet '4' Curr Offset '4'
2023-09-30 15:37:24.024 [FATAL] [ter-consumer-trans-intl-1] [c.i.b.c.k.s.c.Consumer        ] [onPartitionsAssigned     ] Topic 'router-consumer-trans-intl' Partition '1' Redis offSet '2' Curr Offset '2'
2023-09-30 15:37:24.024 [FATAL] [ify-consumer-trans-intl-1] [c.i.b.c.k.s.c.Consumer        ] [onPartitionsAssigned     ] Topic 'verify-consumer-trans-intl' Partition '3' Redis offSet '6' Curr Offset '6'
2023-09-30 15:37:24.024 [FATAL] [ter-consumer-trans-intl-1] [c.i.b.c.k.s.c.Consumer        ] [onPartitionsAssigned     ] Topic 'router-consumer-trans-intl' Partition '2' Redis offSet '1' Curr Offset '1'
2023-09-30 15:37:24.028 [FATAL] [ier-handover-trans-intl-3] [c.i.b.c.k.s.c.Consumer        ] [onPartitionsAssigned     ] Topic 'carrier-handover-trans-intl' Partition '9' Redis offSet '2' Curr Offset '2'
2023-09-30 15:37:24.028 [FATAL] [ier-handover-trans-intl-3] [c.i.b.c.k.s.c.Consumer        ] [onPartitionsAssigned     ] Topic 'carrier-handover-trans-intl' Partition '8' Redis offSet '3' Curr Offset '3'
2023-09-30 15:37:24.028 [FATAL] [ier-handover-trans-intl-3] [c.i.b.c.k.s.c.Consumer        ] [onPartitionsAssigned     ] Topic 'carrier-handover-trans-intl' Partition '7' Redis offSet '2' Curr Offset '2'
2023-09-30 15:37:24.034 [FATAL] [ier-handover-trans-intl-2] [c.i.b.c.k.s.c.Consumer        ] [onPartitionsAssigned     ] Topic 'carrier-handover-trans-intl' Partition '4' Redis offSet '2' Curr Offset '2'
2023-09-30 15:37:24.034 [FATAL] [ier-handover-trans-intl-2] [c.i.b.c.k.s.c.Consumer        ] [onPartitionsAssigned     ] Topic 'carrier-handover-trans-intl' Partition '6' Redis offSet '1' Curr Offset '1'
2023-09-30 15:37:24.034 [FATAL] [ier-handover-trans-intl-2] [c.i.b.c.k.s.c.Consumer        ] [onPartitionsAssigned     ] Topic 'carrier-handover-trans-intl' Partition '5' Redis offSet '2' Curr Offset '2'
2023-09-30 15:37:24.047 [FATAL] [ter-consumer-trans-intl-3] [c.i.b.c.k.s.c.Consumer        ] [onPartitionsAssigned     ] Topic 'router-consumer-trans-intl' Partition '7' Redis offSet '4' Curr Offset '4'
2023-09-30 15:37:24.047 [FATAL] [ter-consumer-trans-intl-3] [c.i.b.c.k.s.c.Consumer        ] [onPartitionsAssigned     ] Topic 'router-consumer-trans-intl' Partition '8' Redis offSet '2' Curr Offset '2'
2023-09-30 15:37:24.048 [FATAL] [ter-consumer-trans-intl-3] [c.i.b.c.k.s.c.Consumer        ] [onPartitionsAssigned     ] Topic 'router-consumer-trans-intl' Partition '9' Redis offSet '3' Curr Offset '3'
2023-09-30 15:37:24.054 [FATAL] [carrier-handover-trans-1 ] [c.i.b.c.k.s.c.Consumer        ] [onPartitionsAssigned     ] Topic 'carrier-handover-trans' Partition '2' Redis offSet '6' Curr Offset '6'
2023-09-30 15:37:24.055 [FATAL] [carrier-handover-trans-1 ] [c.i.b.c.k.s.c.Consumer        ] [onPartitionsAssigned     ] Topic 'carrier-handover-trans' Partition '1' Redis offSet '9' Curr Offset '9'
2023-09-30 15:37:24.055 [FATAL] [carrier-handover-trans-1 ] [c.i.b.c.k.s.c.Consumer        ] [onPartitionsAssigned     ] Topic 'carrier-handover-trans' Partition '3' Redis offSet '5' Curr Offset '5'
2023-09-30 15:37:24.055 [FATAL] [carrier-handover-trans-1 ] [c.i.b.c.k.s.c.Consumer        ] [onPartitionsAssigned     ] Topic 'carrier-handover-trans' Partition '0' Redis offSet '8' Curr Offset '8'
2023-09-30 15:37:24.055 [FATAL] [carrier-handover-trans-3 ] [c.i.b.c.k.s.c.Consumer        ] [onPartitionsAssigned     ] Topic 'carrier-handover-trans' Partition '9' Redis offSet '7' Curr Offset '7'
2023-09-30 15:37:24.055 [FATAL] [carrier-handover-trans-3 ] [c.i.b.c.k.s.c.Consumer        ] [onPartitionsAssigned     ] Topic 'carrier-handover-trans' Partition '8' Redis offSet '16' Curr Offset '16'
2023-09-30 15:37:24.055 [FATAL] [carrier-handover-trans-3 ] [c.i.b.c.k.s.c.Consumer        ] [onPartitionsAssigned     ] Topic 'carrier-handover-trans' Partition '7' Redis offSet '7' Curr Offset '7'
2023-09-30 15:37:24.062 [FATAL] [ier-handover-trans-intl-1] [c.i.b.c.k.s.c.Consumer        ] [onPartitionsAssigned     ] Topic 'carrier-handover-trans-intl' Partition '0' Redis offSet '2' Curr Offset '2'
2023-09-30 15:37:24.062 [FATAL] [ier-handover-trans-intl-1] [c.i.b.c.k.s.c.Consumer        ] [onPartitionsAssigned     ] Topic 'carrier-handover-trans-intl' Partition '2' Redis offSet '0' Curr Offset '0'
2023-09-30 15:37:24.062 [FATAL] [ier-handover-trans-intl-1] [c.i.b.c.k.s.c.Consumer        ] [onPartitionsAssigned     ] Topic 'carrier-handover-trans-intl' Partition '1' Redis offSet '3' Curr Offset '3'
2023-09-30 15:37:24.062 [FATAL] [ier-handover-trans-intl-1] [c.i.b.c.k.s.c.Consumer        ] [onPartitionsAssigned     ] Topic 'carrier-handover-trans-intl' Partition '3' Redis offSet '2' Curr Offset '2'
2023-09-30 15:37:24.066 [FATAL] [carrier-handover-trans-2 ] [c.i.b.c.k.s.c.Consumer        ] [onPartitionsAssigned     ] Topic 'carrier-handover-trans' Partition '6' Redis offSet '7' Curr Offset '7'
2023-09-30 15:37:24.066 [FATAL] [carrier-handover-trans-2 ] [c.i.b.c.k.s.c.Consumer        ] [onPartitionsAssigned     ] Topic 'carrier-handover-trans' Partition '5' Redis offSet '9' Curr Offset '9'
2023-09-30 15:37:24.067 [FATAL] [carrier-handover-trans-2 ] [c.i.b.c.k.s.c.Consumer        ] [onPartitionsAssigned     ] Topic 'carrier-handover-trans' Partition '4' Redis offSet '4' Curr Offset '4'
2023-09-30 15:37:39.667 [DEBUG] [nterface-consumer-trans-2] [c.i.b.c.k.s.c.Consumer        ] [process                  ] Topic Name : 'interface-consumer-trans-2 Time taken 124 records 1
2023-09-30 15:37:39.675 [DEBUG] [nterface-consumer-trans-2] [c.i.b.c.k.s.c.Consumer        ] [processRecords           ] Consumed 	interface-consumer-trans	5	23
2023-09-30 15:37:39.699 [DEBUG] [nterface-consumer-trans-2] [c.i.b.c.k.s.c.Consumer        ] [ateRedisAndCommitConsumer] Topic Name : 'interface-consumer-trans-2 Committing now. Record count        1 mLastCommitted Sat Sep 30 15:37:20 IST 2023
2023-09-30 15:37:39.861 [FATAL] [terface-consumer-trans~10] [c.i.b.c.k.s.c.Consumer        ] [addProducer              ] Topic 'interface-consumer-trans' adding Producer with Thread id '42' and Producer 'Producer [mComponent=SBCV, mTopicName=schedule-blockout-consumer-verify-trans, lastFlushed=1696068459820]' with consumer Consumer [mComponent=IC, mTopicName=interface-consumer-trans, mLastCommitted=1696068439934]
2023-09-30 15:37:39.861 [FATAL] [terface-consumer-trans~10] [c.i.b.c.k.s.c.Consumer        ] [addProducer              ] Topic 'interface-consumer-trans' adding Producer with Thread id '42' and Producer 'Producer [mComponent=SBCV, mTopicName=schedule-blockout-consumer-verify-trans, lastFlushed=1696068459820]' with consumer Consumer [mComponent=IC, mTopicName=interface-consumer-trans, mLastCommitted=1696068459720]
2023-09-30 15:37:39.861 [FATAL] [terface-consumer-trans~10] [c.i.b.c.k.s.c.Consumer        ] [addProducer              ] Topic 'interface-consumer-trans' adding Producer with Thread id '42' and Producer 'Producer [mComponent=SBCV, mTopicName=schedule-blockout-consumer-verify-trans, lastFlushed=1696068459820]' with consumer Consumer [mComponent=IC, mTopicName=interface-consumer-trans, mLastCommitted=1696068440094]
2023-09-30 15:37:39.861 [FATAL] [terface-consumer-trans~10] [c.i.b.c.k.s.c.Consumer        ] [addProducer              ] Topic 'interface-consumer-trans-intl' adding Producer with Thread id '42' and Producer 'Producer [mComponent=SBCV, mTopicName=schedule-blockout-consumer-verify-trans, lastFlushed=1696068459820]' with consumer Consumer [mComponent=IC, mTopicName=interface-consumer-trans-intl, mLastCommitted=1696068440106]
2023-09-30 15:37:39.861 [FATAL] [terface-consumer-trans~10] [c.i.b.c.k.s.c.Consumer        ] [addProducer              ] Topic 'interface-consumer-trans-intl' adding Producer with Thread id '42' and Producer 'Producer [mComponent=SBCV, mTopicName=schedule-blockout-consumer-verify-trans, lastFlushed=1696068459820]' with consumer Consumer [mComponent=IC, mTopicName=interface-consumer-trans-intl, mLastCommitted=1696068440116]
2023-09-30 15:37:39.861 [FATAL] [terface-consumer-trans~10] [c.i.b.c.k.s.c.Consumer        ] [addProducer              ] Topic 'interface-consumer-trans-intl' adding Producer with Thread id '42' and Producer 'Producer [mComponent=SBCV, mTopicName=schedule-blockout-consumer-verify-trans, lastFlushed=1696068459820]' with consumer Consumer [mComponent=IC, mTopicName=interface-consumer-trans-intl, mLastCommitted=1696068440126]
2023-09-30 15:37:39.945 [DEBUG] [t-consumer-verify-trans-1] [c.i.b.c.k.s.c.Consumer        ] [process                  ] Topic Name : 'schedule-blockout-consumer-verify-trans-1 Time taken 5 records 1
2023-09-30 15:37:39.945 [DEBUG] [t-consumer-verify-trans-1] [c.i.b.c.k.s.c.Consumer        ] [processRecords           ] Consumed 	schedule-blockout-consumer-verify-trans	1	11
2023-09-30 15:37:39.946 [DEBUG] [t-consumer-verify-trans-1] [c.i.b.c.k.s.c.Consumer        ] [ateRedisAndCommitConsumer] Topic Name : 'schedule-blockout-consumer-verify-trans-1 Committing now. Record count        1 mLastCommitted Sat Sep 30 15:37:20 IST 2023
2023-09-30 15:37:39.960 [FATAL] [-consumer-verify-trans~10] [c.i.b.c.k.s.c.Consumer        ] [addProducer              ] Topic 'schedule-blockout-consumer-verify-trans' adding Producer with Thread id '59' and Producer 'Producer [mComponent=VC, mTopicName=verify-consumer-trans, lastFlushed=1696068459955]' with consumer Consumer [mComponent=SBCV, mTopicName=schedule-blockout-consumer-verify-trans, mLastCommitted=1696068459949]
2023-09-30 15:37:39.960 [FATAL] [-consumer-verify-trans~10] [c.i.b.c.k.s.c.Consumer        ] [addProducer              ] Topic 'schedule-blockout-consumer-verify-trans' adding Producer with Thread id '59' and Producer 'Producer [mComponent=VC, mTopicName=verify-consumer-trans, lastFlushed=1696068459955]' with consumer Consumer [mComponent=SBCV, mTopicName=schedule-blockout-consumer-verify-trans, mLastCommitted=1696068440189]
2023-09-30 15:37:39.960 [FATAL] [-consumer-verify-trans~10] [c.i.b.c.k.s.c.Consumer        ] [addProducer              ] Topic 'schedule-blockout-consumer-verify-trans' adding Producer with Thread id '59' and Producer 'Producer [mComponent=VC, mTopicName=verify-consumer-trans, lastFlushed=1696068459955]' with consumer Consumer [mComponent=SBCV, mTopicName=schedule-blockout-consumer-verify-trans, mLastCommitted=1696068440198]
2023-09-30 15:37:39.960 [FATAL] [-consumer-verify-trans~10] [c.i.b.c.k.s.c.Consumer        ] [addProducer              ] Topic 'schedule-blockout-consumer-verify-trans-intl' adding Producer with Thread id '59' and Producer 'Producer [mComponent=VC, mTopicName=verify-consumer-trans, lastFlushed=1696068459955]' with consumer Consumer [mComponent=SBCV, mTopicName=schedule-blockout-consumer-verify-trans-intl, mLastCommitted=1696068440219]
2023-09-30 15:37:39.960 [FATAL] [-consumer-verify-trans~10] [c.i.b.c.k.s.c.Consumer        ] [addProducer              ] Topic 'schedule-blockout-consumer-verify-trans-intl' adding Producer with Thread id '59' and Producer 'Producer [mComponent=VC, mTopicName=verify-consumer-trans, lastFlushed=1696068459955]' with consumer Consumer [mComponent=SBCV, mTopicName=schedule-blockout-consumer-verify-trans-intl, mLastCommitted=1696068440230]
2023-09-30 15:37:39.961 [FATAL] [-consumer-verify-trans~10] [c.i.b.c.k.s.c.Consumer        ] [addProducer              ] Topic 'schedule-blockout-consumer-verify-trans-intl' adding Producer with Thread id '59' and Producer 'Producer [mComponent=VC, mTopicName=verify-consumer-trans, lastFlushed=1696068459955]' with consumer Consumer [mComponent=SBCV, mTopicName=schedule-blockout-consumer-verify-trans-intl, mLastCommitted=1696068440246]
2023-09-30 15:37:40.011 [DEBUG] [verify-consumer-trans-1  ] [c.i.b.c.k.s.c.Consumer        ] [process                  ] Topic Name : 'verify-consumer-trans-1 Time taken 87 records 1
2023-09-30 15:37:40.011 [DEBUG] [verify-consumer-trans-1  ] [c.i.b.c.k.s.c.Consumer        ] [processRecords           ] Consumed 	verify-consumer-trans	3	10
2023-09-30 15:37:40.011 [DEBUG] [verify-consumer-trans-1  ] [c.i.b.c.k.s.c.Consumer        ] [ateRedisAndCommitConsumer] Topic Name : 'verify-consumer-trans-1 Committing now. Record count        1 mLastCommitted Sat Sep 30 15:37:20 IST 2023
2023-09-30 15:37:40.044 [FATAL] [r~verify-consumer-trans~3] [c.i.b.c.k.s.c.Consumer        ] [addProducer              ] Topic 'verify-consumer-trans' adding Producer with Thread id '69' and Producer 'Producer [mComponent=WC, mTopicName=wallet-consumer-trans, lastFlushed=1696068460040]' with consumer Consumer [mComponent=VC, mTopicName=verify-consumer-trans, mLastCommitted=1696068460019]
2023-09-30 15:37:40.045 [FATAL] [r~verify-consumer-trans~3] [c.i.b.c.k.s.c.Consumer        ] [addProducer              ] Topic 'verify-consumer-trans' adding Producer with Thread id '69' and Producer 'Producer [mComponent=WC, mTopicName=wallet-consumer-trans, lastFlushed=1696068460040]' with consumer Consumer [mComponent=VC, mTopicName=verify-consumer-trans, mLastCommitted=1696068440307]
2023-09-30 15:37:40.045 [FATAL] [r~verify-consumer-trans~3] [c.i.b.c.k.s.c.Consumer        ] [addProducer              ] Topic 'verify-consumer-trans' adding Producer with Thread id '69' and Producer 'Producer [mComponent=WC, mTopicName=wallet-consumer-trans, lastFlushed=1696068460040]' with consumer Consumer [mComponent=VC, mTopicName=verify-consumer-trans, mLastCommitted=1696068440318]
2023-09-30 15:37:40.045 [FATAL] [r~verify-consumer-trans~3] [c.i.b.c.k.s.c.Consumer        ] [addProducer              ] Topic 'verify-consumer-trans-intl' adding Producer with Thread id '69' and Producer 'Producer [mComponent=WC, mTopicName=wallet-consumer-trans, lastFlushed=1696068460040]' with consumer Consumer [mComponent=VC, mTopicName=verify-consumer-trans-intl, mLastCommitted=1696068440333]
2023-09-30 15:37:40.045 [FATAL] [r~verify-consumer-trans~3] [c.i.b.c.k.s.c.Consumer        ] [addProducer              ] Topic 'verify-consumer-trans-intl' adding Producer with Thread id '69' and Producer 'Producer [mComponent=WC, mTopicName=wallet-consumer-trans, lastFlushed=1696068460040]' with consumer Consumer [mComponent=VC, mTopicName=verify-consumer-trans-intl, mLastCommitted=1696068440352]
2023-09-30 15:37:40.045 [FATAL] [r~verify-consumer-trans~3] [c.i.b.c.k.s.c.Consumer        ] [addProducer              ] Topic 'verify-consumer-trans-intl' adding Producer with Thread id '69' and Producer 'Producer [mComponent=WC, mTopicName=wallet-consumer-trans, lastFlushed=1696068460040]' with consumer Consumer [mComponent=VC, mTopicName=verify-consumer-trans-intl, mLastCommitted=1696068440368]
2023-09-30 15:37:40.343 [DEBUG] [router-consumer-trans-3  ] [c.i.b.c.k.s.c.Consumer        ] [process                  ] Topic Name : 'router-consumer-trans-3 Time taken 2 records 1
2023-09-30 15:37:40.343 [DEBUG] [router-consumer-trans-3  ] [c.i.b.c.k.s.c.Consumer        ] [processRecords           ] Consumed 	router-consumer-trans	9	8
2023-09-30 15:37:40.344 [DEBUG] [router-consumer-trans-3  ] [c.i.b.c.k.s.c.Consumer        ] [ateRedisAndCommitConsumer] Topic Name : 'router-consumer-trans-3 Committing now. Record count        1 mLastCommitted Sat Sep 30 15:37:20 IST 2023
2023-09-30 15:37:40.545 [FATAL] [r~router-consumer-trans~8] [c.i.b.c.k.s.c.Consumer        ] [addProducer              ] Topic 'router-consumer-trans' adding Producer with Thread id '91' and Producer 'Producer [mComponent=CH, mTopicName=carrier-handover-trans, lastFlushed=1696068460541]' with consumer Consumer [mComponent=RC, mTopicName=router-consumer-trans, mLastCommitted=1696068440402]
2023-09-30 15:37:40.545 [FATAL] [r~router-consumer-trans~8] [c.i.b.c.k.s.c.Consumer        ] [addProducer              ] Topic 'router-consumer-trans' adding Producer with Thread id '91' and Producer 'Producer [mComponent=CH, mTopicName=carrier-handover-trans, lastFlushed=1696068460541]' with consumer Consumer [mComponent=RC, mTopicName=router-consumer-trans, mLastCommitted=1696068440418]
2023-09-30 15:37:40.546 [FATAL] [r~router-consumer-trans~8] [c.i.b.c.k.s.c.Consumer        ] [addProducer              ] Topic 'router-consumer-trans' adding Producer with Thread id '91' and Producer 'Producer [mComponent=CH, mTopicName=carrier-handover-trans, lastFlushed=1696068460541]' with consumer Consumer [mComponent=RC, mTopicName=router-consumer-trans, mLastCommitted=1696068460347]
2023-09-30 15:37:40.546 [FATAL] [r~router-consumer-trans~8] [c.i.b.c.k.s.c.Consumer        ] [addProducer              ] Topic 'router-consumer-trans-intl' adding Producer with Thread id '91' and Producer 'Producer [mComponent=CH, mTopicName=carrier-handover-trans, lastFlushed=1696068460541]' with consumer Consumer [mComponent=RC, mTopicName=router-consumer-trans-intl, mLastCommitted=1696068440443]
2023-09-30 15:37:40.546 [FATAL] [r~router-consumer-trans~8] [c.i.b.c.k.s.c.Consumer        ] [addProducer              ] Topic 'router-consumer-trans-intl' adding Producer with Thread id '91' and Producer 'Producer [mComponent=CH, mTopicName=carrier-handover-trans, lastFlushed=1696068460541]' with consumer Consumer [mComponent=RC, mTopicName=router-consumer-trans-intl, mLastCommitted=1696068440447]
2023-09-30 15:37:40.546 [FATAL] [r~router-consumer-trans~8] [c.i.b.c.k.s.c.Consumer        ] [addProducer              ] Topic 'router-consumer-trans-intl' adding Producer with Thread id '91' and Producer 'Producer [mComponent=CH, mTopicName=carrier-handover-trans, lastFlushed=1696068460541]' with consumer Consumer [mComponent=RC, mTopicName=router-consumer-trans-intl, mLastCommitted=1696068440456]
2023-09-30 15:37:40.609 [DEBUG] [carrier-handover-trans-2 ] [c.i.b.c.k.s.c.Consumer        ] [process                  ] Topic Name : 'carrier-handover-trans-2 Time taken 2 records 1
2023-09-30 15:37:40.609 [DEBUG] [carrier-handover-trans-2 ] [c.i.b.c.k.s.c.Consumer        ] [processRecords           ] Consumed 	carrier-handover-trans	6	7
2023-09-30 15:37:40.609 [DEBUG] [carrier-handover-trans-2 ] [c.i.b.c.k.s.c.Consumer        ] [ateRedisAndCommitConsumer] Topic Name : 'carrier-handover-trans-2 Committing now. Record count        1 mLastCommitted Sat Sep 30 15:37:20 IST 2023
2023-09-30 15:37:40.763 [FATAL] [~carrier-handover-trans~3] [c.i.b.c.k.s.c.Consumer        ] [addProducer              ] Topic 'carrier-handover-trans' adding Producer with Thread id '103' and Producer 'Producer [mComponent=SUBBC, mTopicName=submission-billing-consumer-trans, lastFlushed=1696068460756]' with consumer Consumer [mComponent=CH, mTopicName=carrier-handover-trans, mLastCommitted=1696068440502]
2023-09-30 15:37:40.764 [FATAL] [~carrier-handover-trans~3] [c.i.b.c.k.s.c.Consumer        ] [addProducer              ] Topic 'carrier-handover-trans' adding Producer with Thread id '103' and Producer 'Producer [mComponent=SUBBC, mTopicName=submission-billing-consumer-trans, lastFlushed=1696068460756]' with consumer Consumer [mComponent=CH, mTopicName=carrier-handover-trans, mLastCommitted=1696068460613]
2023-09-30 15:37:40.764 [FATAL] [~carrier-handover-trans~3] [c.i.b.c.k.s.c.Consumer        ] [addProducer              ] Topic 'carrier-handover-trans' adding Producer with Thread id '103' and Producer 'Producer [mComponent=SUBBC, mTopicName=submission-billing-consumer-trans, lastFlushed=1696068460756]' with consumer Consumer [mComponent=CH, mTopicName=carrier-handover-trans, mLastCommitted=1696068440665]
2023-09-30 15:37:40.764 [FATAL] [~carrier-handover-trans~3] [c.i.b.c.k.s.c.Consumer        ] [addProducer              ] Topic 'carrier-handover-trans-intl' adding Producer with Thread id '103' and Producer 'Producer [mComponent=SUBBC, mTopicName=submission-billing-consumer-trans, lastFlushed=1696068460756]' with consumer Consumer [mComponent=CH, mTopicName=carrier-handover-trans-intl, mLastCommitted=1696068440678]
2023-09-30 15:37:40.764 [FATAL] [~carrier-handover-trans~3] [c.i.b.c.k.s.c.Consumer        ] [addProducer              ] Topic 'carrier-handover-trans-intl' adding Producer with Thread id '103' and Producer 'Producer [mComponent=SUBBC, mTopicName=submission-billing-consumer-trans, lastFlushed=1696068460756]' with consumer Consumer [mComponent=CH, mTopicName=carrier-handover-trans-intl, mLastCommitted=1696068440700]
2023-09-30 15:37:40.765 [FATAL] [~carrier-handover-trans~3] [c.i.b.c.k.s.c.Consumer        ] [addProducer              ] Topic 'carrier-handover-trans-intl' adding Producer with Thread id '103' and Producer 'Producer [mComponent=SUBBC, mTopicName=submission-billing-consumer-trans, lastFlushed=1696068460756]' with consumer Consumer [mComponent=CH, mTopicName=carrier-handover-trans-intl, mLastCommitted=1696068440704]
2023-09-30 15:37:40.930 [DEBUG] [nterface-consumer-trans-2] [c.i.b.c.k.s.c.Consumer        ] [process                  ] Topic Name : 'interface-consumer-trans-2 Time taken 2 records 1
2023-09-30 15:37:40.931 [DEBUG] [nterface-consumer-trans-2] [c.i.b.c.k.s.c.Consumer        ] [processRecords           ] Consumed 	interface-consumer-trans	4	30
2023-09-30 15:37:40.931 [DEBUG] [nterface-consumer-trans-2] [c.i.b.c.k.s.c.Consumer        ] [ateRedisAndCommitConsumer] Topic Name : 'interface-consumer-trans-2 Committing now. Record count        1 mLastCommitted Sat Sep 30 15:37:39 IST 2023
2023-09-30 15:37:40.943 [FATAL] [nterface-consumer-trans~5] [c.i.b.c.k.s.c.Consumer        ] [addProducer              ] Topic 'interface-consumer-trans' adding Producer with Thread id '37' and Producer 'Producer [mComponent=SBCV, mTopicName=schedule-blockout-consumer-verify-trans, lastFlushed=1696068460936]' with consumer Consumer [mComponent=IC, mTopicName=interface-consumer-trans, mLastCommitted=1696068439934]
2023-09-30 15:37:40.943 [FATAL] [nterface-consumer-trans~5] [c.i.b.c.k.s.c.Consumer        ] [addProducer              ] Topic 'interface-consumer-trans' adding Producer with Thread id '37' and Producer 'Producer [mComponent=SBCV, mTopicName=schedule-blockout-consumer-verify-trans, lastFlushed=1696068460936]' with consumer Consumer [mComponent=IC, mTopicName=interface-consumer-trans, mLastCommitted=1696068460934]
2023-09-30 15:37:40.944 [FATAL] [nterface-consumer-trans~5] [c.i.b.c.k.s.c.Consumer        ] [addProducer              ] Topic 'interface-consumer-trans' adding Producer with Thread id '37' and Producer 'Producer [mComponent=SBCV, mTopicName=schedule-blockout-consumer-verify-trans, lastFlushed=1696068460936]' with consumer Consumer [mComponent=IC, mTopicName=interface-consumer-trans, mLastCommitted=1696068440094]
2023-09-30 15:37:40.945 [FATAL] [nterface-consumer-trans~5] [c.i.b.c.k.s.c.Consumer        ] [addProducer              ] Topic 'interface-consumer-trans-intl' adding Producer with Thread id '37' and Producer 'Producer [mComponent=SBCV, mTopicName=schedule-blockout-consumer-verify-trans, lastFlushed=1696068460936]' with consumer Consumer [mComponent=IC, mTopicName=interface-consumer-trans-intl, mLastCommitted=1696068440106]
2023-09-30 15:37:40.945 [FATAL] [nterface-consumer-trans~5] [c.i.b.c.k.s.c.Consumer        ] [addProducer              ] Topic 'interface-consumer-trans-intl' adding Producer with Thread id '37' and Producer 'Producer [mComponent=SBCV, mTopicName=schedule-blockout-consumer-verify-trans, lastFlushed=1696068460936]' with consumer Consumer [mComponent=IC, mTopicName=interface-consumer-trans-intl, mLastCommitted=1696068440116]
2023-09-30 15:37:40.946 [FATAL] [nterface-consumer-trans~5] [c.i.b.c.k.s.c.Consumer        ] [addProducer              ] Topic 'interface-consumer-trans-intl' adding Producer with Thread id '37' and Producer 'Producer [mComponent=SBCV, mTopicName=schedule-blockout-consumer-verify-trans, lastFlushed=1696068460936]' with consumer Consumer [mComponent=IC, mTopicName=interface-consumer-trans-intl, mLastCommitted=1696068440126]
2023-09-30 15:37:40.964 [DEBUG] [t-consumer-verify-trans-1] [c.i.b.c.k.s.c.Consumer        ] [process                  ] Topic Name : 'schedule-blockout-consumer-verify-trans-1 Time taken 2 records 1
2023-09-30 15:37:40.964 [DEBUG] [t-consumer-verify-trans-1] [c.i.b.c.k.s.c.Consumer        ] [processRecords           ] Consumed 	schedule-blockout-consumer-verify-trans	0	13
2023-09-30 15:37:40.965 [DEBUG] [t-consumer-verify-trans-1] [c.i.b.c.k.s.c.Consumer        ] [ateRedisAndCommitConsumer] Topic Name : 'schedule-blockout-consumer-verify-trans-1 Committing now. Record count        1 mLastCommitted Sat Sep 30 15:37:39 IST 2023
2023-09-30 15:37:40.972 [FATAL] [t-consumer-verify-trans~6] [c.i.b.c.k.s.c.Consumer        ] [addProducer              ] Topic 'schedule-blockout-consumer-verify-trans' adding Producer with Thread id '55' and Producer 'Producer [mComponent=VC, mTopicName=verify-consumer-trans, lastFlushed=1696068460966]' with consumer Consumer [mComponent=SBCV, mTopicName=schedule-blockout-consumer-verify-trans, mLastCommitted=1696068460967]
2023-09-30 15:37:40.972 [FATAL] [t-consumer-verify-trans~6] [c.i.b.c.k.s.c.Consumer        ] [addProducer              ] Topic 'schedule-blockout-consumer-verify-trans' adding Producer with Thread id '55' and Producer 'Producer [mComponent=VC, mTopicName=verify-consumer-trans, lastFlushed=1696068460966]' with consumer Consumer [mComponent=SBCV, mTopicName=schedule-blockout-consumer-verify-trans, mLastCommitted=1696068440189]
2023-09-30 15:37:40.972 [FATAL] [t-consumer-verify-trans~6] [c.i.b.c.k.s.c.Consumer        ] [addProducer              ] Topic 'schedule-blockout-consumer-verify-trans' adding Producer with Thread id '55' and Producer 'Producer [mComponent=VC, mTopicName=verify-consumer-trans, lastFlushed=1696068460966]' with consumer Consumer [mComponent=SBCV, mTopicName=schedule-blockout-consumer-verify-trans, mLastCommitted=1696068440198]
2023-09-30 15:37:40.973 [FATAL] [t-consumer-verify-trans~6] [c.i.b.c.k.s.c.Consumer        ] [addProducer              ] Topic 'schedule-blockout-consumer-verify-trans-intl' adding Producer with Thread id '55' and Producer 'Producer [mComponent=VC, mTopicName=verify-consumer-trans, lastFlushed=1696068460966]' with consumer Consumer [mComponent=SBCV, mTopicName=schedule-blockout-consumer-verify-trans-intl, mLastCommitted=1696068440219]
2023-09-30 15:37:40.973 [FATAL] [t-consumer-verify-trans~6] [c.i.b.c.k.s.c.Consumer        ] [addProducer              ] Topic 'schedule-blockout-consumer-verify-trans-intl' adding Producer with Thread id '55' and Producer 'Producer [mComponent=VC, mTopicName=verify-consumer-trans, lastFlushed=1696068460966]' with consumer Consumer [mComponent=SBCV, mTopicName=schedule-blockout-consumer-verify-trans-intl, mLastCommitted=1696068440230]
2023-09-30 15:37:40.973 [FATAL] [t-consumer-verify-trans~6] [c.i.b.c.k.s.c.Consumer        ] [addProducer              ] Topic 'schedule-blockout-consumer-verify-trans-intl' adding Producer with Thread id '55' and Producer 'Producer [mComponent=VC, mTopicName=verify-consumer-trans, lastFlushed=1696068460966]' with consumer Consumer [mComponent=SBCV, mTopicName=schedule-blockout-consumer-verify-trans-intl, mLastCommitted=1696068440246]
2023-09-30 15:37:40.988 [DEBUG] [verify-consumer-trans-2  ] [c.i.b.c.k.s.c.Consumer        ] [process                  ] Topic Name : 'verify-consumer-trans-2 Time taken 54 records 1
2023-09-30 15:37:40.988 [DEBUG] [verify-consumer-trans-2  ] [c.i.b.c.k.s.c.Consumer        ] [processRecords           ] Consumed 	verify-consumer-trans	5	10
2023-09-30 15:37:40.988 [DEBUG] [verify-consumer-trans-2  ] [c.i.b.c.k.s.c.Consumer        ] [ateRedisAndCommitConsumer] Topic Name : 'verify-consumer-trans-2 Committing now. Record count        1 mLastCommitted Sat Sep 30 15:37:20 IST 2023
2023-09-30 15:37:40.996 [FATAL] [r~verify-consumer-trans~8] [c.i.b.c.k.s.c.Consumer        ] [addProducer              ] Topic 'verify-consumer-trans' adding Producer with Thread id '74' and Producer 'Producer [mComponent=WC, mTopicName=wallet-consumer-trans, lastFlushed=1696068460991]' with consumer Consumer [mComponent=VC, mTopicName=verify-consumer-trans, mLastCommitted=1696068460019]
2023-09-30 15:37:40.997 [FATAL] [r~verify-consumer-trans~8] [c.i.b.c.k.s.c.Consumer        ] [addProducer              ] Topic 'verify-consumer-trans' adding Producer with Thread id '74' and Producer 'Producer [mComponent=WC, mTopicName=wallet-consumer-trans, lastFlushed=1696068460991]' with consumer Consumer [mComponent=VC, mTopicName=verify-consumer-trans, mLastCommitted=1696068460990]
2023-09-30 15:37:40.997 [FATAL] [r~verify-consumer-trans~8] [c.i.b.c.k.s.c.Consumer        ] [addProducer              ] Topic 'verify-consumer-trans' adding Producer with Thread id '74' and Producer 'Producer [mComponent=WC, mTopicName=wallet-consumer-trans, lastFlushed=1696068460991]' with consumer Consumer [mComponent=VC, mTopicName=verify-consumer-trans, mLastCommitted=1696068440318]
2023-09-30 15:37:40.997 [FATAL] [r~verify-consumer-trans~8] [c.i.b.c.k.s.c.Consumer        ] [addProducer              ] Topic 'verify-consumer-trans-intl' adding Producer with Thread id '74' and Producer 'Producer [mComponent=WC, mTopicName=wallet-consumer-trans, lastFlushed=1696068460991]' with consumer Consumer [mComponent=VC, mTopicName=verify-consumer-trans-intl, mLastCommitted=1696068440333]
2023-09-30 15:37:40.998 [FATAL] [r~verify-consumer-trans~8] [c.i.b.c.k.s.c.Consumer        ] [addProducer              ] Topic 'verify-consumer-trans-intl' adding Producer with Thread id '74' and Producer 'Producer [mComponent=WC, mTopicName=wallet-consumer-trans, lastFlushed=1696068460991]' with consumer Consumer [mComponent=VC, mTopicName=verify-consumer-trans-intl, mLastCommitted=1696068440352]
2023-09-30 15:37:40.998 [FATAL] [r~verify-consumer-trans~8] [c.i.b.c.k.s.c.Consumer        ] [addProducer              ] Topic 'verify-consumer-trans-intl' adding Producer with Thread id '74' and Producer 'Producer [mComponent=WC, mTopicName=wallet-consumer-trans, lastFlushed=1696068460991]' with consumer Consumer [mComponent=VC, mTopicName=verify-consumer-trans-intl, mLastCommitted=1696068440368]
2023-09-30 15:37:41.034 [DEBUG] [router-consumer-trans-2  ] [c.i.b.c.k.s.c.Consumer        ] [process                  ] Topic Name : 'router-consumer-trans-2 Time taken 94 records 1
2023-09-30 15:37:41.034 [DEBUG] [router-consumer-trans-2  ] [c.i.b.c.k.s.c.Consumer        ] [processRecords           ] Consumed 	router-consumer-trans	5	5
2023-09-30 15:37:41.035 [DEBUG] [router-consumer-trans-2  ] [c.i.b.c.k.s.c.Consumer        ] [ateRedisAndCommitConsumer] Topic Name : 'router-consumer-trans-2 Committing now. Record count        1 mLastCommitted Sat Sep 30 15:37:20 IST 2023
2023-09-30 15:37:41.046 [DEBUG] [carrier-handover-trans-1 ] [c.i.b.c.k.s.c.Consumer        ] [process                  ] Topic Name : 'carrier-handover-trans-1 Time taken 51 records 1
2023-09-30 15:37:41.046 [DEBUG] [carrier-handover-trans-1 ] [c.i.b.c.k.s.c.Consumer        ] [processRecords           ] Consumed 	carrier-handover-trans	3	5
2023-09-30 15:37:41.047 [DEBUG] [carrier-handover-trans-1 ] [c.i.b.c.k.s.c.Consumer        ] [ateRedisAndCommitConsumer] Topic Name : 'carrier-handover-trans-1 Committing now. Record count        1 mLastCommitted Sat Sep 30 15:37:20 IST 2023
2023-09-30 15:50:36.655 [DEBUG] [nterface-consumer-trans-2] [c.i.b.c.k.s.c.Consumer        ] [process                  ] Topic Name : 'interface-consumer-trans-2 Time taken 2 records 1
2023-09-30 15:50:36.656 [DEBUG] [nterface-consumer-trans-2] [c.i.b.c.k.s.c.Consumer        ] [processRecords           ] Consumed 	interface-consumer-trans	6	20
2023-09-30 15:50:36.656 [DEBUG] [nterface-consumer-trans-2] [c.i.b.c.k.s.c.Consumer        ] [ateRedisAndCommitConsumer] Topic Name : 'interface-consumer-trans-2 Committing now. Record count        1 mLastCommitted Sat Sep 30 15:37:40 IST 2023
2023-09-30 15:50:36.720 [DEBUG] [t-consumer-verify-trans-2] [c.i.b.c.k.s.c.Consumer        ] [process                  ] Topic Name : 'schedule-blockout-consumer-verify-trans-2 Time taken 1 records 1
2023-09-30 15:50:36.720 [DEBUG] [t-consumer-verify-trans-2] [c.i.b.c.k.s.c.Consumer        ] [processRecords           ] Consumed 	schedule-blockout-consumer-verify-trans	4	19
2023-09-30 15:50:36.721 [DEBUG] [t-consumer-verify-trans-2] [c.i.b.c.k.s.c.Consumer        ] [ateRedisAndCommitConsumer] Topic Name : 'schedule-blockout-consumer-verify-trans-2 Committing now. Record count        1 mLastCommitted Sat Sep 30 15:37:20 IST 2023
2023-09-30 15:50:36.729 [FATAL] [t-consumer-verify-trans~7] [c.i.b.c.k.s.c.Consumer        ] [addProducer              ] Topic 'schedule-blockout-consumer-verify-trans' adding Producer with Thread id '56' and Producer 'Producer [mComponent=VC, mTopicName=verify-consumer-trans, lastFlushed=1696069236723]' with consumer Consumer [mComponent=SBCV, mTopicName=schedule-blockout-consumer-verify-trans, mLastCommitted=1696068460967]
2023-09-30 15:50:36.729 [FATAL] [t-consumer-verify-trans~7] [c.i.b.c.k.s.c.Consumer        ] [addProducer              ] Topic 'schedule-blockout-consumer-verify-trans' adding Producer with Thread id '56' and Producer 'Producer [mComponent=VC, mTopicName=verify-consumer-trans, lastFlushed=1696069236723]' with consumer Consumer [mComponent=SBCV, mTopicName=schedule-blockout-consumer-verify-trans, mLastCommitted=1696069236722]
2023-09-30 15:50:36.729 [FATAL] [t-consumer-verify-trans~7] [c.i.b.c.k.s.c.Consumer        ] [addProducer              ] Topic 'schedule-blockout-consumer-verify-trans' adding Producer with Thread id '56' and Producer 'Producer [mComponent=VC, mTopicName=verify-consumer-trans, lastFlushed=1696069236723]' with consumer Consumer [mComponent=SBCV, mTopicName=schedule-blockout-consumer-verify-trans, mLastCommitted=1696068440198]
2023-09-30 15:50:36.729 [FATAL] [t-consumer-verify-trans~7] [c.i.b.c.k.s.c.Consumer        ] [addProducer              ] Topic 'schedule-blockout-consumer-verify-trans-intl' adding Producer with Thread id '56' and Producer 'Producer [mComponent=VC, mTopicName=verify-consumer-trans, lastFlushed=1696069236723]' with consumer Consumer [mComponent=SBCV, mTopicName=schedule-blockout-consumer-verify-trans-intl, mLastCommitted=1696068440219]
2023-09-30 15:50:36.729 [FATAL] [t-consumer-verify-trans~7] [c.i.b.c.k.s.c.Consumer        ] [addProducer              ] Topic 'schedule-blockout-consumer-verify-trans-intl' adding Producer with Thread id '56' and Producer 'Producer [mComponent=VC, mTopicName=verify-consumer-trans, lastFlushed=1696069236723]' with consumer Consumer [mComponent=SBCV, mTopicName=schedule-blockout-consumer-verify-trans-intl, mLastCommitted=1696068440230]
2023-09-30 15:50:36.729 [FATAL] [t-consumer-verify-trans~7] [c.i.b.c.k.s.c.Consumer        ] [addProducer              ] Topic 'schedule-blockout-consumer-verify-trans-intl' adding Producer with Thread id '56' and Producer 'Producer [mComponent=VC, mTopicName=verify-consumer-trans, lastFlushed=1696069236723]' with consumer Consumer [mComponent=SBCV, mTopicName=schedule-blockout-consumer-verify-trans-intl, mLastCommitted=1696068440246]
2023-09-30 15:50:36.737 [DEBUG] [verify-consumer-trans-3  ] [c.i.b.c.k.s.c.Consumer        ] [process                  ] Topic Name : 'verify-consumer-trans-3 Time taken 38 records 1
2023-09-30 15:50:36.737 [DEBUG] [verify-consumer-trans-3  ] [c.i.b.c.k.s.c.Consumer        ] [processRecords           ] Consumed 	verify-consumer-trans	9	14
2023-09-30 15:50:36.737 [DEBUG] [verify-consumer-trans-3  ] [c.i.b.c.k.s.c.Consumer        ] [ateRedisAndCommitConsumer] Topic Name : 'verify-consumer-trans-3 Committing now. Record count        1 mLastCommitted Sat Sep 30 15:37:20 IST 2023
2023-09-30 15:50:36.864 [DEBUG] [router-consumer-trans-2  ] [c.i.b.c.k.s.c.Consumer        ] [process                  ] Topic Name : 'router-consumer-trans-2 Time taken 92 records 1
2023-09-30 15:50:36.865 [DEBUG] [router-consumer-trans-2  ] [c.i.b.c.k.s.c.Consumer        ] [processRecords           ] Consumed 	router-consumer-trans	5	6
2023-09-30 15:50:36.865 [DEBUG] [router-consumer-trans-2  ] [c.i.b.c.k.s.c.Consumer        ] [ateRedisAndCommitConsumer] Topic Name : 'router-consumer-trans-2 Committing now. Record count        1 mLastCommitted Sat Sep 30 15:37:41 IST 2023
2023-09-30 15:50:36.947 [DEBUG] [carrier-handover-trans-1 ] [c.i.b.c.k.s.c.Consumer        ] [process                  ] Topic Name : 'carrier-handover-trans-1 Time taken 1 records 1
2023-09-30 15:50:36.947 [DEBUG] [carrier-handover-trans-1 ] [c.i.b.c.k.s.c.Consumer        ] [processRecords           ] Consumed 	carrier-handover-trans	0	8
2023-09-30 15:50:36.948 [DEBUG] [carrier-handover-trans-1 ] [c.i.b.c.k.s.c.Consumer        ] [ateRedisAndCommitConsumer] Topic Name : 'carrier-handover-trans-1 Committing now. Record count        1 mLastCommitted Sat Sep 30 15:37:41 IST 2023
2023-09-30 15:50:36.968 [FATAL] [~carrier-handover-trans~1] [c.i.b.c.k.s.c.Consumer        ] [addProducer              ] Topic 'carrier-handover-trans' adding Producer with Thread id '101' and Producer 'Producer [mComponent=SUBBC, mTopicName=submission-billing-consumer-trans, lastFlushed=1696069236963]' with consumer Consumer [mComponent=CH, mTopicName=carrier-handover-trans, mLastCommitted=1696069236949]
2023-09-30 15:50:36.970 [FATAL] [~carrier-handover-trans~1] [c.i.b.c.k.s.c.Consumer        ] [addProducer              ] Topic 'carrier-handover-trans' adding Producer with Thread id '101' and Producer 'Producer [mComponent=SUBBC, mTopicName=submission-billing-consumer-trans, lastFlushed=1696069236963]' with consumer Consumer [mComponent=CH, mTopicName=carrier-handover-trans, mLastCommitted=1696068460613]
2023-09-30 15:50:36.970 [FATAL] [~carrier-handover-trans~1] [c.i.b.c.k.s.c.Consumer        ] [addProducer              ] Topic 'carrier-handover-trans' adding Producer with Thread id '101' and Producer 'Producer [mComponent=SUBBC, mTopicName=submission-billing-consumer-trans, lastFlushed=1696069236963]' with consumer Consumer [mComponent=CH, mTopicName=carrier-handover-trans, mLastCommitted=1696068440665]
2023-09-30 15:50:36.970 [FATAL] [~carrier-handover-trans~1] [c.i.b.c.k.s.c.Consumer        ] [addProducer              ] Topic 'carrier-handover-trans-intl' adding Producer with Thread id '101' and Producer 'Producer [mComponent=SUBBC, mTopicName=submission-billing-consumer-trans, lastFlushed=1696069236963]' with consumer Consumer [mComponent=CH, mTopicName=carrier-handover-trans-intl, mLastCommitted=1696068440678]
2023-09-30 15:50:36.970 [FATAL] [~carrier-handover-trans~1] [c.i.b.c.k.s.c.Consumer        ] [addProducer              ] Topic 'carrier-handover-trans-intl' adding Producer with Thread id '101' and Producer 'Producer [mComponent=SUBBC, mTopicName=submission-billing-consumer-trans, lastFlushed=1696069236963]' with consumer Consumer [mComponent=CH, mTopicName=carrier-handover-trans-intl, mLastCommitted=1696068440700]
2023-09-30 15:50:36.970 [FATAL] [~carrier-handover-trans~1] [c.i.b.c.k.s.c.Consumer        ] [addProducer              ] Topic 'carrier-handover-trans-intl' adding Producer with Thread id '101' and Producer 'Producer [mComponent=SUBBC, mTopicName=submission-billing-consumer-trans, lastFlushed=1696069236963]' with consumer Consumer [mComponent=CH, mTopicName=carrier-handover-trans-intl, mLastCommitted=1696068440704]
2023-09-30 15:50:37.498 [DEBUG] [nterface-consumer-trans-3] [c.i.b.c.k.s.c.Consumer        ] [process                  ] Topic Name : 'interface-consumer-trans-3 Time taken 2 records 1
2023-09-30 15:50:37.498 [DEBUG] [nterface-consumer-trans-3] [c.i.b.c.k.s.c.Consumer        ] [processRecords           ] Consumed 	interface-consumer-trans	8	19
2023-09-30 15:50:37.499 [DEBUG] [nterface-consumer-trans-3] [c.i.b.c.k.s.c.Consumer        ] [ateRedisAndCommitConsumer] Topic Name : 'interface-consumer-trans-3 Committing now. Record count        1 mLastCommitted Sat Sep 30 15:37:20 IST 2023
2023-09-30 15:50:37.506 [FATAL] [nterface-consumer-trans~9] [c.i.b.c.k.s.c.Consumer        ] [addProducer              ] Topic 'interface-consumer-trans' adding Producer with Thread id '41' and Producer 'Producer [mComponent=SBCV, mTopicName=schedule-blockout-consumer-verify-trans, lastFlushed=1696069237502]' with consumer Consumer [mComponent=IC, mTopicName=interface-consumer-trans, mLastCommitted=1696068439934]
2023-09-30 15:50:37.506 [FATAL] [nterface-consumer-trans~9] [c.i.b.c.k.s.c.Consumer        ] [addProducer              ] Topic 'interface-consumer-trans' adding Producer with Thread id '41' and Producer 'Producer [mComponent=SBCV, mTopicName=schedule-blockout-consumer-verify-trans, lastFlushed=1696069237502]' with consumer Consumer [mComponent=IC, mTopicName=interface-consumer-trans, mLastCommitted=1696069236658]
2023-09-30 15:50:37.506 [FATAL] [nterface-consumer-trans~9] [c.i.b.c.k.s.c.Consumer        ] [addProducer              ] Topic 'interface-consumer-trans' adding Producer with Thread id '41' and Producer 'Producer [mComponent=SBCV, mTopicName=schedule-blockout-consumer-verify-trans, lastFlushed=1696069237502]' with consumer Consumer [mComponent=IC, mTopicName=interface-consumer-trans, mLastCommitted=1696069237501]
2023-09-30 15:50:37.506 [FATAL] [nterface-consumer-trans~9] [c.i.b.c.k.s.c.Consumer        ] [addProducer              ] Topic 'interface-consumer-trans-intl' adding Producer with Thread id '41' and Producer 'Producer [mComponent=SBCV, mTopicName=schedule-blockout-consumer-verify-trans, lastFlushed=1696069237502]' with consumer Consumer [mComponent=IC, mTopicName=interface-consumer-trans-intl, mLastCommitted=1696068440106]
2023-09-30 15:50:37.506 [FATAL] [nterface-consumer-trans~9] [c.i.b.c.k.s.c.Consumer        ] [addProducer              ] Topic 'interface-consumer-trans-intl' adding Producer with Thread id '41' and Producer 'Producer [mComponent=SBCV, mTopicName=schedule-blockout-consumer-verify-trans, lastFlushed=1696069237502]' with consumer Consumer [mComponent=IC, mTopicName=interface-consumer-trans-intl, mLastCommitted=1696068440116]
2023-09-30 15:50:37.507 [FATAL] [nterface-consumer-trans~9] [c.i.b.c.k.s.c.Consumer        ] [addProducer              ] Topic 'interface-consumer-trans-intl' adding Producer with Thread id '41' and Producer 'Producer [mComponent=SBCV, mTopicName=schedule-blockout-consumer-verify-trans, lastFlushed=1696069237502]' with consumer Consumer [mComponent=IC, mTopicName=interface-consumer-trans-intl, mLastCommitted=1696068440126]
2023-09-30 15:50:37.515 [DEBUG] [t-consumer-verify-trans-3] [c.i.b.c.k.s.c.Consumer        ] [process                  ] Topic Name : 'schedule-blockout-consumer-verify-trans-3 Time taken 36 records 1
2023-09-30 15:50:37.515 [DEBUG] [t-consumer-verify-trans-3] [c.i.b.c.k.s.c.Consumer        ] [processRecords           ] Consumed 	schedule-blockout-consumer-verify-trans	8	6
2023-09-30 15:50:37.515 [DEBUG] [t-consumer-verify-trans-3] [c.i.b.c.k.s.c.Consumer        ] [ateRedisAndCommitConsumer] Topic Name : 'schedule-blockout-consumer-verify-trans-3 Committing now. Record count        1 mLastCommitted Sat Sep 30 15:37:20 IST 2023
2023-09-30 15:50:37.543 [DEBUG] [verify-consumer-trans-3  ] [c.i.b.c.k.s.c.Consumer        ] [process                  ] Topic Name : 'verify-consumer-trans-3 Time taken 1 records 1
2023-09-30 15:50:37.543 [DEBUG] [verify-consumer-trans-3  ] [c.i.b.c.k.s.c.Consumer        ] [processRecords           ] Consumed 	verify-consumer-trans	7	12
2023-09-30 15:50:37.550 [FATAL] [~verify-consumer-trans~10] [c.i.b.c.k.s.c.Consumer        ] [addProducer              ] Topic 'verify-consumer-trans' adding Producer with Thread id '76' and Producer 'Producer [mComponent=WC, mTopicName=wallet-consumer-trans, lastFlushed=1696069237545]' with consumer Consumer [mComponent=VC, mTopicName=verify-consumer-trans, mLastCommitted=1696068460019]
2023-09-30 15:50:37.550 [FATAL] [~verify-consumer-trans~10] [c.i.b.c.k.s.c.Consumer        ] [addProducer              ] Topic 'verify-consumer-trans' adding Producer with Thread id '76' and Producer 'Producer [mComponent=WC, mTopicName=wallet-consumer-trans, lastFlushed=1696069237545]' with consumer Consumer [mComponent=VC, mTopicName=verify-consumer-trans, mLastCommitted=1696068460990]
2023-09-30 15:50:37.550 [FATAL] [~verify-consumer-trans~10] [c.i.b.c.k.s.c.Consumer        ] [addProducer              ] Topic 'verify-consumer-trans' adding Producer with Thread id '76' and Producer 'Producer [mComponent=WC, mTopicName=wallet-consumer-trans, lastFlushed=1696069237545]' with consumer Consumer [mComponent=VC, mTopicName=verify-consumer-trans, mLastCommitted=1696069236739]
2023-09-30 15:50:37.550 [FATAL] [~verify-consumer-trans~10] [c.i.b.c.k.s.c.Consumer        ] [addProducer              ] Topic 'verify-consumer-trans-intl' adding Producer with Thread id '76' and Producer 'Producer [mComponent=WC, mTopicName=wallet-consumer-trans, lastFlushed=1696069237545]' with consumer Consumer [mComponent=VC, mTopicName=verify-consumer-trans-intl, mLastCommitted=1696068440333]
2023-09-30 15:50:37.550 [FATAL] [~verify-consumer-trans~10] [c.i.b.c.k.s.c.Consumer        ] [addProducer              ] Topic 'verify-consumer-trans-intl' adding Producer with Thread id '76' and Producer 'Producer [mComponent=WC, mTopicName=wallet-consumer-trans, lastFlushed=1696069237545]' with consumer Consumer [mComponent=VC, mTopicName=verify-consumer-trans-intl, mLastCommitted=1696068440352]
2023-09-30 15:50:37.550 [FATAL] [~verify-consumer-trans~10] [c.i.b.c.k.s.c.Consumer        ] [addProducer              ] Topic 'verify-consumer-trans-intl' adding Producer with Thread id '76' and Producer 'Producer [mComponent=WC, mTopicName=wallet-consumer-trans, lastFlushed=1696069237545]' with consumer Consumer [mComponent=VC, mTopicName=verify-consumer-trans-intl, mLastCommitted=1696068440368]
2023-09-30 15:50:37.730 [DEBUG] [router-consumer-trans-1  ] [c.i.b.c.k.s.c.Consumer        ] [process                  ] Topic Name : 'router-consumer-trans-1 Time taken 1 records 1
2023-09-30 15:50:37.730 [DEBUG] [router-consumer-trans-1  ] [c.i.b.c.k.s.c.Consumer        ] [processRecords           ] Consumed 	router-consumer-trans	2	11
2023-09-30 15:50:37.730 [DEBUG] [router-consumer-trans-1  ] [c.i.b.c.k.s.c.Consumer        ] [ateRedisAndCommitConsumer] Topic Name : 'router-consumer-trans-1 Committing now. Record count        1 mLastCommitted Sat Sep 30 15:37:20 IST 2023
2023-09-30 15:50:37.751 [DEBUG] [carrier-handover-trans-1 ] [c.i.b.c.k.s.c.Consumer        ] [process                  ] Topic Name : 'carrier-handover-trans-1 Time taken 1 records 1
2023-09-30 15:50:37.751 [DEBUG] [carrier-handover-trans-1 ] [c.i.b.c.k.s.c.Consumer        ] [processRecords           ] Consumed 	carrier-handover-trans	1	9
2023-09-30 15:50:37.768 [FATAL] [~carrier-handover-trans~8] [c.i.b.c.k.s.c.Consumer        ] [addProducer              ] Topic 'carrier-handover-trans' adding Producer with Thread id '108' and Producer 'Producer [mComponent=SUBBC, mTopicName=submission-billing-consumer-trans, lastFlushed=1696069237763]' with consumer Consumer [mComponent=CH, mTopicName=carrier-handover-trans, mLastCommitted=1696069236949]
2023-09-30 15:50:37.768 [FATAL] [~carrier-handover-trans~8] [c.i.b.c.k.s.c.Consumer        ] [addProducer              ] Topic 'carrier-handover-trans' adding Producer with Thread id '108' and Producer 'Producer [mComponent=SUBBC, mTopicName=submission-billing-consumer-trans, lastFlushed=1696069237763]' with consumer Consumer [mComponent=CH, mTopicName=carrier-handover-trans, mLastCommitted=1696068460613]
2023-09-30 15:50:37.769 [FATAL] [~carrier-handover-trans~8] [c.i.b.c.k.s.c.Consumer        ] [addProducer              ] Topic 'carrier-handover-trans' adding Producer with Thread id '108' and Producer 'Producer [mComponent=SUBBC, mTopicName=submission-billing-consumer-trans, lastFlushed=1696069237763]' with consumer Consumer [mComponent=CH, mTopicName=carrier-handover-trans, mLastCommitted=1696068440665]
2023-09-30 15:50:37.769 [FATAL] [~carrier-handover-trans~8] [c.i.b.c.k.s.c.Consumer        ] [addProducer              ] Topic 'carrier-handover-trans-intl' adding Producer with Thread id '108' and Producer 'Producer [mComponent=SUBBC, mTopicName=submission-billing-consumer-trans, lastFlushed=1696069237763]' with consumer Consumer [mComponent=CH, mTopicName=carrier-handover-trans-intl, mLastCommitted=1696068440678]
2023-09-30 15:50:37.769 [FATAL] [~carrier-handover-trans~8] [c.i.b.c.k.s.c.Consumer        ] [addProducer              ] Topic 'carrier-handover-trans-intl' adding Producer with Thread id '108' and Producer 'Producer [mComponent=SUBBC, mTopicName=submission-billing-consumer-trans, lastFlushed=1696069237763]' with consumer Consumer [mComponent=CH, mTopicName=carrier-handover-trans-intl, mLastCommitted=1696068440700]
2023-09-30 15:50:37.770 [FATAL] [~carrier-handover-trans~8] [c.i.b.c.k.s.c.Consumer        ] [addProducer              ] Topic 'carrier-handover-trans-intl' adding Producer with Thread id '108' and Producer 'Producer [mComponent=SUBBC, mTopicName=submission-billing-consumer-trans, lastFlushed=1696069237763]' with consumer Consumer [mComponent=CH, mTopicName=carrier-handover-trans-intl, mLastCommitted=1696068440704]
2023-09-30 15:50:37.843 [DEBUG] [verify-consumer-trans-3  ] [c.i.b.c.k.s.c.Consumer        ] [ateRedisAndCommitConsumer] Topic Name : 'verify-consumer-trans-3 Committing now. Record count        1 mLastCommitted Sat Sep 30 15:50:36 IST 2023
2023-09-30 15:50:38.053 [DEBUG] [carrier-handover-trans-1 ] [c.i.b.c.k.s.c.Consumer        ] [ateRedisAndCommitConsumer] Topic Name : 'carrier-handover-trans-1 Committing now. Record count        1 mLastCommitted Sat Sep 30 15:50:36 IST 2023
2023-09-30 16:32:05.870 [DEBUG] [nterface-consumer-trans-1] [c.i.b.c.k.s.c.Consumer        ] [process                  ] Topic Name : 'interface-consumer-trans-1 Time taken 1 records 1
2023-09-30 16:32:05.870 [DEBUG] [nterface-consumer-trans-1] [c.i.b.c.k.s.c.Consumer        ] [processRecords           ] Consumed 	interface-consumer-trans	1	22
2023-09-30 16:32:05.870 [DEBUG] [nterface-consumer-trans-1] [c.i.b.c.k.s.c.Consumer        ] [ateRedisAndCommitConsumer] Topic Name : 'interface-consumer-trans-1 Committing now. Record count        1 mLastCommitted Sat Sep 30 15:37:19 IST 2023
2023-09-30 16:32:06.020 [DEBUG] [t-consumer-verify-trans-3] [c.i.b.c.k.s.c.Consumer        ] [process                  ] Topic Name : 'schedule-blockout-consumer-verify-trans-3 Time taken 1 records 1
2023-09-30 16:32:06.020 [DEBUG] [t-consumer-verify-trans-3] [c.i.b.c.k.s.c.Consumer        ] [processRecords           ] Consumed 	schedule-blockout-consumer-verify-trans	7	14
2023-09-30 16:32:06.020 [DEBUG] [t-consumer-verify-trans-3] [c.i.b.c.k.s.c.Consumer        ] [ateRedisAndCommitConsumer] Topic Name : 'schedule-blockout-consumer-verify-trans-3 Committing now. Record count        1 mLastCommitted Sat Sep 30 15:50:37 IST 2023
2023-09-30 16:32:06.027 [FATAL] [t-consumer-verify-trans~5] [c.i.b.c.k.s.c.Consumer        ] [addProducer              ] Topic 'schedule-blockout-consumer-verify-trans' adding Producer with Thread id '54' and Producer 'Producer [mComponent=VC, mTopicName=verify-consumer-trans, lastFlushed=1696071726022]' with consumer Consumer [mComponent=SBCV, mTopicName=schedule-blockout-consumer-verify-trans, mLastCommitted=1696068460967]
2023-09-30 16:32:06.028 [FATAL] [t-consumer-verify-trans~5] [c.i.b.c.k.s.c.Consumer        ] [addProducer              ] Topic 'schedule-blockout-consumer-verify-trans' adding Producer with Thread id '54' and Producer 'Producer [mComponent=VC, mTopicName=verify-consumer-trans, lastFlushed=1696071726022]' with consumer Consumer [mComponent=SBCV, mTopicName=schedule-blockout-consumer-verify-trans, mLastCommitted=1696069236722]
2023-09-30 16:32:06.028 [FATAL] [t-consumer-verify-trans~5] [c.i.b.c.k.s.c.Consumer        ] [addProducer              ] Topic 'schedule-blockout-consumer-verify-trans' adding Producer with Thread id '54' and Producer 'Producer [mComponent=VC, mTopicName=verify-consumer-trans, lastFlushed=1696071726022]' with consumer Consumer [mComponent=SBCV, mTopicName=schedule-blockout-consumer-verify-trans, mLastCommitted=1696071726022]
2023-09-30 16:32:06.028 [FATAL] [t-consumer-verify-trans~5] [c.i.b.c.k.s.c.Consumer        ] [addProducer              ] Topic 'schedule-blockout-consumer-verify-trans-intl' adding Producer with Thread id '54' and Producer 'Producer [mComponent=VC, mTopicName=verify-consumer-trans, lastFlushed=1696071726022]' with consumer Consumer [mComponent=SBCV, mTopicName=schedule-blockout-consumer-verify-trans-intl, mLastCommitted=1696068440219]
2023-09-30 16:32:06.028 [FATAL] [t-consumer-verify-trans~5] [c.i.b.c.k.s.c.Consumer        ] [addProducer              ] Topic 'schedule-blockout-consumer-verify-trans-intl' adding Producer with Thread id '54' and Producer 'Producer [mComponent=VC, mTopicName=verify-consumer-trans, lastFlushed=1696071726022]' with consumer Consumer [mComponent=SBCV, mTopicName=schedule-blockout-consumer-verify-trans-intl, mLastCommitted=1696068440230]
2023-09-30 16:32:06.028 [FATAL] [t-consumer-verify-trans~5] [c.i.b.c.k.s.c.Consumer        ] [addProducer              ] Topic 'schedule-blockout-consumer-verify-trans-intl' adding Producer with Thread id '54' and Producer 'Producer [mComponent=VC, mTopicName=verify-consumer-trans, lastFlushed=1696071726022]' with consumer Consumer [mComponent=SBCV, mTopicName=schedule-blockout-consumer-verify-trans-intl, mLastCommitted=1696068440246]
2023-09-30 16:32:06.068 [DEBUG] [verify-consumer-trans-3  ] [c.i.b.c.k.s.c.Consumer        ] [process                  ] Topic Name : 'verify-consumer-trans-3 Time taken 1 records 1
2023-09-30 16:32:06.068 [DEBUG] [verify-consumer-trans-3  ] [c.i.b.c.k.s.c.Consumer        ] [processRecords           ] Consumed 	verify-consumer-trans	8	15
2023-09-30 16:32:06.069 [DEBUG] [verify-consumer-trans-3  ] [c.i.b.c.k.s.c.Consumer        ] [ateRedisAndCommitConsumer] Topic Name : 'verify-consumer-trans-3 Committing now. Record count        1 mLastCommitted Sat Sep 30 15:50:37 IST 2023
2023-09-30 16:32:06.138 [FATAL] [r~verify-consumer-trans~6] [c.i.b.c.k.s.c.Consumer        ] [addProducer              ] Topic 'verify-consumer-trans' adding Producer with Thread id '72' and Producer 'Producer [mComponent=WC, mTopicName=wallet-consumer-trans, lastFlushed=1696071726133]' with consumer Consumer [mComponent=VC, mTopicName=verify-consumer-trans, mLastCommitted=1696068460019]
2023-09-30 16:32:06.138 [FATAL] [r~verify-consumer-trans~6] [c.i.b.c.k.s.c.Consumer        ] [addProducer              ] Topic 'verify-consumer-trans' adding Producer with Thread id '72' and Producer 'Producer [mComponent=WC, mTopicName=wallet-consumer-trans, lastFlushed=1696071726133]' with consumer Consumer [mComponent=VC, mTopicName=verify-consumer-trans, mLastCommitted=1696068460990]
2023-09-30 16:32:06.142 [FATAL] [r~verify-consumer-trans~6] [c.i.b.c.k.s.c.Consumer        ] [addProducer              ] Topic 'verify-consumer-trans' adding Producer with Thread id '72' and Producer 'Producer [mComponent=WC, mTopicName=wallet-consumer-trans, lastFlushed=1696071726133]' with consumer Consumer [mComponent=VC, mTopicName=verify-consumer-trans, mLastCommitted=1696071726070]
2023-09-30 16:32:06.142 [FATAL] [r~verify-consumer-trans~6] [c.i.b.c.k.s.c.Consumer        ] [addProducer              ] Topic 'verify-consumer-trans-intl' adding Producer with Thread id '72' and Producer 'Producer [mComponent=WC, mTopicName=wallet-consumer-trans, lastFlushed=1696071726133]' with consumer Consumer [mComponent=VC, mTopicName=verify-consumer-trans-intl, mLastCommitted=1696068440333]
2023-09-30 16:32:06.142 [FATAL] [r~verify-consumer-trans~6] [c.i.b.c.k.s.c.Consumer        ] [addProducer              ] Topic 'verify-consumer-trans-intl' adding Producer with Thread id '72' and Producer 'Producer [mComponent=WC, mTopicName=wallet-consumer-trans, lastFlushed=1696071726133]' with consumer Consumer [mComponent=VC, mTopicName=verify-consumer-trans-intl, mLastCommitted=1696068440352]
2023-09-30 16:32:06.142 [FATAL] [r~verify-consumer-trans~6] [c.i.b.c.k.s.c.Consumer        ] [addProducer              ] Topic 'verify-consumer-trans-intl' adding Producer with Thread id '72' and Producer 'Producer [mComponent=WC, mTopicName=wallet-consumer-trans, lastFlushed=1696071726133]' with consumer Consumer [mComponent=VC, mTopicName=verify-consumer-trans-intl, mLastCommitted=1696068440368]
2023-09-30 16:32:06.210 [DEBUG] [router-consumer-trans-2  ] [c.i.b.c.k.s.c.Consumer        ] [process                  ] Topic Name : 'router-consumer-trans-2 Time taken 6 records 1
2023-09-30 16:32:06.211 [DEBUG] [router-consumer-trans-2  ] [c.i.b.c.k.s.c.Consumer        ] [processRecords           ] Consumed 	router-consumer-trans	5	7
2023-09-30 16:32:06.211 [DEBUG] [router-consumer-trans-2  ] [c.i.b.c.k.s.c.Consumer        ] [ateRedisAndCommitConsumer] Topic Name : 'router-consumer-trans-2 Committing now. Record count        1 mLastCommitted Sat Sep 30 15:50:36 IST 2023
2023-09-30 16:32:06.222 [FATAL] [r~router-consumer-trans~3] [c.i.b.c.k.s.c.Consumer        ] [addProducer              ] Topic 'router-consumer-trans' adding Producer with Thread id '86' and Producer 'Producer [mComponent=CH, mTopicName=carrier-handover-trans, lastFlushed=1696071726216]' with consumer Consumer [mComponent=RC, mTopicName=router-consumer-trans, mLastCommitted=1696069237732]
2023-09-30 16:32:06.222 [FATAL] [r~router-consumer-trans~3] [c.i.b.c.k.s.c.Consumer        ] [addProducer              ] Topic 'router-consumer-trans' adding Producer with Thread id '86' and Producer 'Producer [mComponent=CH, mTopicName=carrier-handover-trans, lastFlushed=1696071726216]' with consumer Consumer [mComponent=RC, mTopicName=router-consumer-trans, mLastCommitted=1696071726213]
2023-09-30 16:32:06.222 [FATAL] [r~router-consumer-trans~3] [c.i.b.c.k.s.c.Consumer        ] [addProducer              ] Topic 'router-consumer-trans' adding Producer with Thread id '86' and Producer 'Producer [mComponent=CH, mTopicName=carrier-handover-trans, lastFlushed=1696071726216]' with consumer Consumer [mComponent=RC, mTopicName=router-consumer-trans, mLastCommitted=1696068460347]
2023-09-30 16:32:06.222 [FATAL] [r~router-consumer-trans~3] [c.i.b.c.k.s.c.Consumer        ] [addProducer              ] Topic 'router-consumer-trans-intl' adding Producer with Thread id '86' and Producer 'Producer [mComponent=CH, mTopicName=carrier-handover-trans, lastFlushed=1696071726216]' with consumer Consumer [mComponent=RC, mTopicName=router-consumer-trans-intl, mLastCommitted=1696068440443]
2023-09-30 16:32:06.222 [FATAL] [r~router-consumer-trans~3] [c.i.b.c.k.s.c.Consumer        ] [addProducer              ] Topic 'router-consumer-trans-intl' adding Producer with Thread id '86' and Producer 'Producer [mComponent=CH, mTopicName=carrier-handover-trans, lastFlushed=1696071726216]' with consumer Consumer [mComponent=RC, mTopicName=router-consumer-trans-intl, mLastCommitted=1696068440447]
2023-09-30 16:32:06.223 [FATAL] [r~router-consumer-trans~3] [c.i.b.c.k.s.c.Consumer        ] [addProducer              ] Topic 'router-consumer-trans-intl' adding Producer with Thread id '86' and Producer 'Producer [mComponent=CH, mTopicName=carrier-handover-trans, lastFlushed=1696071726216]' with consumer Consumer [mComponent=RC, mTopicName=router-consumer-trans-intl, mLastCommitted=1696068440456]
2023-09-30 16:32:06.303 [DEBUG] [carrier-handover-trans-3 ] [c.i.b.c.k.s.c.Consumer        ] [process                  ] Topic Name : 'carrier-handover-trans-3 Time taken 1 records 1
2023-09-30 16:32:06.303 [DEBUG] [carrier-handover-trans-3 ] [c.i.b.c.k.s.c.Consumer        ] [processRecords           ] Consumed 	carrier-handover-trans	7	7
2023-09-30 16:32:06.304 [DEBUG] [carrier-handover-trans-3 ] [c.i.b.c.k.s.c.Consumer        ] [ateRedisAndCommitConsumer] Topic Name : 'carrier-handover-trans-3 Committing now. Record count        1 mLastCommitted Sat Sep 30 15:37:20 IST 2023
2023-09-30 16:32:06.347 [FATAL] [~carrier-handover-trans~7] [c.i.b.c.k.s.c.Consumer        ] [addProducer              ] Topic 'carrier-handover-trans' adding Producer with Thread id '107' and Producer 'Producer [mComponent=SUBBC, mTopicName=submission-billing-consumer-trans, lastFlushed=1696071726342]' with consumer Consumer [mComponent=CH, mTopicName=carrier-handover-trans, mLastCommitted=1696069238054]
2023-09-30 16:32:06.347 [FATAL] [~carrier-handover-trans~7] [c.i.b.c.k.s.c.Consumer        ] [addProducer              ] Topic 'carrier-handover-trans' adding Producer with Thread id '107' and Producer 'Producer [mComponent=SUBBC, mTopicName=submission-billing-consumer-trans, lastFlushed=1696071726342]' with consumer Consumer [mComponent=CH, mTopicName=carrier-handover-trans, mLastCommitted=1696068460613]
2023-09-30 16:32:06.347 [FATAL] [~carrier-handover-trans~7] [c.i.b.c.k.s.c.Consumer        ] [addProducer              ] Topic 'carrier-handover-trans' adding Producer with Thread id '107' and Producer 'Producer [mComponent=SUBBC, mTopicName=submission-billing-consumer-trans, lastFlushed=1696071726342]' with consumer Consumer [mComponent=CH, mTopicName=carrier-handover-trans, mLastCommitted=1696071726305]
2023-09-30 16:32:06.347 [FATAL] [~carrier-handover-trans~7] [c.i.b.c.k.s.c.Consumer        ] [addProducer              ] Topic 'carrier-handover-trans-intl' adding Producer with Thread id '107' and Producer 'Producer [mComponent=SUBBC, mTopicName=submission-billing-consumer-trans, lastFlushed=1696071726342]' with consumer Consumer [mComponent=CH, mTopicName=carrier-handover-trans-intl, mLastCommitted=1696068440678]
2023-09-30 16:32:06.347 [FATAL] [~carrier-handover-trans~7] [c.i.b.c.k.s.c.Consumer        ] [addProducer              ] Topic 'carrier-handover-trans-intl' adding Producer with Thread id '107' and Producer 'Producer [mComponent=SUBBC, mTopicName=submission-billing-consumer-trans, lastFlushed=1696071726342]' with consumer Consumer [mComponent=CH, mTopicName=carrier-handover-trans-intl, mLastCommitted=1696068440700]
2023-09-30 16:32:06.347 [FATAL] [~carrier-handover-trans~7] [c.i.b.c.k.s.c.Consumer        ] [addProducer              ] Topic 'carrier-handover-trans-intl' adding Producer with Thread id '107' and Producer 'Producer [mComponent=SUBBC, mTopicName=submission-billing-consumer-trans, lastFlushed=1696071726342]' with consumer Consumer [mComponent=CH, mTopicName=carrier-handover-trans-intl, mLastCommitted=1696068440704]
