2023-09-30 16:31:27.583 [DEBUG] [main                     ] [c.i.b.c.k.s.c.Consumer        ] [<init>                   ] Consumers created successfully for topic 'submission-billing-consumer-trans'
2023-09-30 16:31:27.588 [DEBUG] [-billing-consumer-trans-1] [c.i.b.c.k.s.c.Consumer        ] [process                  ] Started consuming messages from 'submission-billing-consumer-trans'
2023-09-30 16:31:27.609 [DEBUG] [main                     ] [c.i.b.c.k.s.c.Consumer        ] [<init>                   ] Consumers created successfully for topic 'submission-billing-consumer-trans'
2023-09-30 16:31:27.619 [DEBUG] [-billing-consumer-trans-2] [c.i.b.c.k.s.c.Consumer        ] [process                  ] Started consuming messages from 'submission-billing-consumer-trans'
2023-09-30 16:31:27.621 [DEBUG] [main                     ] [c.i.b.c.k.s.c.Consumer        ] [<init>                   ] Consumers created successfully for topic 'submission-billing-consumer-trans'
2023-09-30 16:31:27.636 [DEBUG] [-billing-consumer-trans-3] [c.i.b.c.k.s.c.Consumer        ] [process                  ] Started consuming messages from 'submission-billing-consumer-trans'
2023-09-30 16:31:27.643 [DEBUG] [main                     ] [c.i.b.c.k.s.c.Consumer        ] [<init>                   ] Consumers created successfully for topic 'submission-billing-consumer-trans-intl'
2023-09-30 16:31:27.648 [DEBUG] [ing-consumer-trans-intl-1] [c.i.b.c.k.s.c.Consumer        ] [process                  ] Started consuming messages from 'submission-billing-consumer-trans-intl'
2023-09-30 16:31:27.659 [DEBUG] [main                     ] [c.i.b.c.k.s.c.Consumer        ] [<init>                   ] Consumers created successfully for topic 'submission-billing-consumer-trans-intl'
2023-09-30 16:31:27.660 [DEBUG] [ing-consumer-trans-intl-2] [c.i.b.c.k.s.c.Consumer        ] [process                  ] Started consuming messages from 'submission-billing-consumer-trans-intl'
2023-09-30 16:31:27.670 [DEBUG] [main                     ] [c.i.b.c.k.s.c.Consumer        ] [<init>                   ] Consumers created successfully for topic 'submission-billing-consumer-trans-intl'
2023-09-30 16:31:27.674 [DEBUG] [ing-consumer-trans-intl-3] [c.i.b.c.k.s.c.Consumer        ] [process                  ] Started consuming messages from 'submission-billing-consumer-trans-intl'
2023-09-30 16:31:27.799 [DEBUG] [main                     ] [c.i.b.c.k.s.c.Consumer        ] [<init>                   ] Consumers created successfully for topic 't2db-submission-trans'
2023-09-30 16:31:27.806 [DEBUG] [t2db-submission-trans-1  ] [c.i.b.c.k.s.c.Consumer        ] [process                  ] Started consuming messages from 't2db-submission-trans'
2023-09-30 16:31:27.862 [DEBUG] [main                     ] [c.i.b.c.k.s.c.Consumer        ] [<init>                   ] Consumers created successfully for topic 't2db-submission-trans'
2023-09-30 16:31:27.871 [DEBUG] [t2db-submission-trans-2  ] [c.i.b.c.k.s.c.Consumer        ] [process                  ] Started consuming messages from 't2db-submission-trans'
2023-09-30 16:31:27.881 [DEBUG] [main                     ] [c.i.b.c.k.s.c.Consumer        ] [<init>                   ] Consumers created successfully for topic 't2db-submission-trans'
2023-09-30 16:31:27.886 [DEBUG] [t2db-submission-trans-3  ] [c.i.b.c.k.s.c.Consumer        ] [process                  ] Started consuming messages from 't2db-submission-trans'
2023-09-30 16:31:27.900 [DEBUG] [main                     ] [c.i.b.c.k.s.c.Consumer        ] [<init>                   ] Consumers created successfully for topic 't2db-submission-trans-intl'
2023-09-30 16:31:27.905 [DEBUG] [b-submission-trans-intl-1] [c.i.b.c.k.s.c.Consumer        ] [process                  ] Started consuming messages from 't2db-submission-trans-intl'
2023-09-30 16:31:27.916 [DEBUG] [main                     ] [c.i.b.c.k.s.c.Consumer        ] [<init>                   ] Consumers created successfully for topic 't2db-submission-trans-intl'
2023-09-30 16:31:27.932 [DEBUG] [b-submission-trans-intl-2] [c.i.b.c.k.s.c.Consumer        ] [process                  ] Started consuming messages from 't2db-submission-trans-intl'
2023-09-30 16:31:27.935 [DEBUG] [main                     ] [c.i.b.c.k.s.c.Consumer        ] [<init>                   ] Consumers created successfully for topic 't2db-submission-trans-intl'
2023-09-30 16:31:27.942 [DEBUG] [b-submission-trans-intl-3] [c.i.b.c.k.s.c.Consumer        ] [process                  ] Started consuming messages from 't2db-submission-trans-intl'
2023-09-30 16:31:28.063 [DEBUG] [main                     ] [c.i.b.c.k.s.c.Consumer        ] [<init>                   ] Consumers created successfully for topic 't2db-full-message-trans'
2023-09-30 16:31:28.077 [DEBUG] [t2db-full-message-trans-1] [c.i.b.c.k.s.c.Consumer        ] [process                  ] Started consuming messages from 't2db-full-message-trans'
2023-09-30 16:31:28.091 [DEBUG] [main                     ] [c.i.b.c.k.s.c.Consumer        ] [<init>                   ] Consumers created successfully for topic 't2db-full-message-trans'
2023-09-30 16:31:28.096 [DEBUG] [t2db-full-message-trans-2] [c.i.b.c.k.s.c.Consumer        ] [process                  ] Started consuming messages from 't2db-full-message-trans'
2023-09-30 16:31:28.100 [DEBUG] [main                     ] [c.i.b.c.k.s.c.Consumer        ] [<init>                   ] Consumers created successfully for topic 't2db-full-message-trans'
2023-09-30 16:31:28.110 [DEBUG] [t2db-full-message-trans-3] [c.i.b.c.k.s.c.Consumer        ] [process                  ] Started consuming messages from 't2db-full-message-trans'
2023-09-30 16:31:28.118 [DEBUG] [main                     ] [c.i.b.c.k.s.c.Consumer        ] [<init>                   ] Consumers created successfully for topic 't2db-full-message-trans-intl'
2023-09-30 16:31:28.124 [DEBUG] [main                     ] [c.i.b.c.k.s.c.Consumer        ] [<init>                   ] Consumers created successfully for topic 't2db-full-message-trans-intl'
2023-09-30 16:31:28.124 [DEBUG] [full-message-trans-intl-1] [c.i.b.c.k.s.c.Consumer        ] [process                  ] Started consuming messages from 't2db-full-message-trans-intl'
2023-09-30 16:31:28.130 [DEBUG] [full-message-trans-intl-2] [c.i.b.c.k.s.c.Consumer        ] [process                  ] Started consuming messages from 't2db-full-message-trans-intl'
2023-09-30 16:31:28.134 [DEBUG] [main                     ] [c.i.b.c.k.s.c.Consumer        ] [<init>                   ] Consumers created successfully for topic 't2db-full-message-trans-intl'
2023-09-30 16:31:28.147 [DEBUG] [full-message-trans-intl-3] [c.i.b.c.k.s.c.Consumer        ] [process                  ] Started consuming messages from 't2db-full-message-trans-intl'
2023-09-30 16:31:28.205 [DEBUG] [main                     ] [c.i.b.c.k.s.c.Consumer        ] [<init>                   ] Consumers created successfully for topic 't2db-deliveries-trans'
2023-09-30 16:31:28.205 [DEBUG] [t2db-deliveries-trans-1  ] [c.i.b.c.k.s.c.Consumer        ] [process                  ] Started consuming messages from 't2db-deliveries-trans'
2023-09-30 16:31:28.211 [DEBUG] [main                     ] [c.i.b.c.k.s.c.Consumer        ] [<init>                   ] Consumers created successfully for topic 't2db-deliveries-trans'
2023-09-30 16:31:28.228 [DEBUG] [t2db-deliveries-trans-2  ] [c.i.b.c.k.s.c.Consumer        ] [process                  ] Started consuming messages from 't2db-deliveries-trans'
2023-09-30 16:31:28.229 [DEBUG] [main                     ] [c.i.b.c.k.s.c.Consumer        ] [<init>                   ] Consumers created successfully for topic 't2db-deliveries-trans'
2023-09-30 16:31:28.253 [DEBUG] [main                     ] [c.i.b.c.k.s.c.Consumer        ] [<init>                   ] Consumers created successfully for topic 't2db-deliveries-trans-intl'
2023-09-30 16:31:28.257 [DEBUG] [t2db-deliveries-trans-3  ] [c.i.b.c.k.s.c.Consumer        ] [process                  ] Started consuming messages from 't2db-deliveries-trans'
2023-09-30 16:31:28.258 [DEBUG] [b-deliveries-trans-intl-1] [c.i.b.c.k.s.c.Consumer        ] [process                  ] Started consuming messages from 't2db-deliveries-trans-intl'
2023-09-30 16:31:28.259 [DEBUG] [main                     ] [c.i.b.c.k.s.c.Consumer        ] [<init>                   ] Consumers created successfully for topic 't2db-deliveries-trans-intl'
2023-09-30 16:31:28.270 [DEBUG] [main                     ] [c.i.b.c.k.s.c.Consumer        ] [<init>                   ] Consumers created successfully for topic 't2db-deliveries-trans-intl'
2023-09-30 16:31:28.272 [DEBUG] [b-deliveries-trans-intl-2] [c.i.b.c.k.s.c.Consumer        ] [process                  ] Started consuming messages from 't2db-deliveries-trans-intl'
2023-09-30 16:31:28.274 [DEBUG] [b-deliveries-trans-intl-3] [c.i.b.c.k.s.c.Consumer        ] [process                  ] Started consuming messages from 't2db-deliveries-trans-intl'
2023-09-30 16:31:28.374 [DEBUG] [main                     ] [c.i.b.c.k.s.c.Consumer        ] [<init>                   ] Consumers created successfully for topic 't2db-no-payload-dn-trans'
2023-09-30 16:31:28.374 [DEBUG] [2db-no-payload-dn-trans-1] [c.i.b.c.k.s.c.Consumer        ] [process                  ] Started consuming messages from 't2db-no-payload-dn-trans'
2023-09-30 16:31:28.378 [DEBUG] [main                     ] [c.i.b.c.k.s.c.Consumer        ] [<init>                   ] Consumers created successfully for topic 't2db-no-payload-dn-trans'
2023-09-30 16:31:28.392 [DEBUG] [2db-no-payload-dn-trans-2] [c.i.b.c.k.s.c.Consumer        ] [process                  ] Started consuming messages from 't2db-no-payload-dn-trans'
2023-09-30 16:31:28.396 [DEBUG] [main                     ] [c.i.b.c.k.s.c.Consumer        ] [<init>                   ] Consumers created successfully for topic 't2db-no-payload-dn-trans'
2023-09-30 16:31:28.401 [DEBUG] [2db-no-payload-dn-trans-3] [c.i.b.c.k.s.c.Consumer        ] [process                  ] Started consuming messages from 't2db-no-payload-dn-trans'
2023-09-30 16:31:28.409 [DEBUG] [main                     ] [c.i.b.c.k.s.c.Consumer        ] [<init>                   ] Consumers created successfully for topic 't2db-no-payload-dn-trans-intl'
2023-09-30 16:31:28.412 [DEBUG] [main                     ] [c.i.b.c.k.s.c.Consumer        ] [<init>                   ] Consumers created successfully for topic 't2db-no-payload-dn-trans-intl'
2023-09-30 16:31:28.413 [DEBUG] [o-payload-dn-trans-intl-1] [c.i.b.c.k.s.c.Consumer        ] [process                  ] Started consuming messages from 't2db-no-payload-dn-trans-intl'
2023-09-30 16:31:28.416 [DEBUG] [o-payload-dn-trans-intl-2] [c.i.b.c.k.s.c.Consumer        ] [process                  ] Started consuming messages from 't2db-no-payload-dn-trans-intl'
2023-09-30 16:31:28.419 [DEBUG] [main                     ] [c.i.b.c.k.s.c.Consumer        ] [<init>                   ] Consumers created successfully for topic 't2db-no-payload-dn-trans-intl'
2023-09-30 16:31:28.419 [DEBUG] [o-payload-dn-trans-intl-3] [c.i.b.c.k.s.c.Consumer        ] [process                  ] Started consuming messages from 't2db-no-payload-dn-trans-intl'
2023-09-30 16:31:28.473 [DEBUG] [main                     ] [c.i.b.c.k.s.c.Consumer        ] [<init>                   ] Consumers created successfully for topic 'dlr-processor-trans'
2023-09-30 16:31:28.483 [DEBUG] [main                     ] [c.i.b.c.k.s.c.Consumer        ] [<init>                   ] Consumers created successfully for topic 'dlr-processor-trans'
2023-09-30 16:31:28.483 [DEBUG] [dlr-processor-trans-1    ] [c.i.b.c.k.s.c.Consumer        ] [process                  ] Started consuming messages from 'dlr-processor-trans'
2023-09-30 16:31:28.489 [DEBUG] [dlr-processor-trans-2    ] [c.i.b.c.k.s.c.Consumer        ] [process                  ] Started consuming messages from 'dlr-processor-trans'
2023-09-30 16:31:28.492 [DEBUG] [main                     ] [c.i.b.c.k.s.c.Consumer        ] [<init>                   ] Consumers created successfully for topic 'dlr-processor-trans'
2023-09-30 16:31:28.493 [DEBUG] [dlr-processor-trans-3    ] [c.i.b.c.k.s.c.Consumer        ] [process                  ] Started consuming messages from 'dlr-processor-trans'
2023-09-30 16:31:28.498 [DEBUG] [main                     ] [c.i.b.c.k.s.c.Consumer        ] [<init>                   ] Consumers created successfully for topic 'dlr-processor-trans-intl'
2023-09-30 16:31:28.499 [DEBUG] [lr-processor-trans-intl-1] [c.i.b.c.k.s.c.Consumer        ] [process                  ] Started consuming messages from 'dlr-processor-trans-intl'
2023-09-30 16:31:28.503 [DEBUG] [main                     ] [c.i.b.c.k.s.c.Consumer        ] [<init>                   ] Consumers created successfully for topic 'dlr-processor-trans-intl'
2023-09-30 16:31:28.504 [DEBUG] [lr-processor-trans-intl-2] [c.i.b.c.k.s.c.Consumer        ] [process                  ] Started consuming messages from 'dlr-processor-trans-intl'
2023-09-30 16:31:28.508 [DEBUG] [main                     ] [c.i.b.c.k.s.c.Consumer        ] [<init>                   ] Consumers created successfully for topic 'dlr-processor-trans-intl'
2023-09-30 16:31:28.513 [DEBUG] [lr-processor-trans-intl-3] [c.i.b.c.k.s.c.Consumer        ] [process                  ] Started consuming messages from 'dlr-processor-trans-intl'
2023-09-30 16:31:28.699 [FATAL] [t2db-full-message-trans-2] [c.i.b.c.k.s.c.Consumer        ] [onPartitionsAssigned     ] Topic 't2db-full-message-trans' Partition '6' Redis offSet '32' Curr Offset '32'
2023-09-30 16:31:28.699 [FATAL] [t2db-full-message-trans-2] [c.i.b.c.k.s.c.Consumer        ] [onPartitionsAssigned     ] Topic 't2db-full-message-trans' Partition '7' Redis offSet '33' Curr Offset '33'
2023-09-30 16:31:28.702 [FATAL] [t2db-full-message-trans-1] [c.i.b.c.k.s.c.Consumer        ] [onPartitionsAssigned     ] Topic 't2db-full-message-trans' Partition '3' Redis offSet '32' Curr Offset '32'
2023-09-30 16:31:28.703 [FATAL] [t2db-full-message-trans-1] [c.i.b.c.k.s.c.Consumer        ] [onPartitionsAssigned     ] Topic 't2db-full-message-trans' Partition '2' Redis offSet '33' Curr Offset '33'
2023-09-30 16:31:28.703 [FATAL] [t2db-full-message-trans-3] [c.i.b.c.k.s.c.Consumer        ] [onPartitionsAssigned     ] Topic 't2db-full-message-trans' Partition '9' Redis offSet '46' Curr Offset '46'
2023-09-30 16:31:28.704 [FATAL] [full-message-trans-intl-2] [c.i.b.c.k.s.c.Consumer        ] [onPartitionsAssigned     ] Topic 't2db-full-message-trans-intl' Partition '6' Redis offSet '4' Curr Offset '4'
2023-09-30 16:31:28.704 [FATAL] [full-message-trans-intl-2] [c.i.b.c.k.s.c.Consumer        ] [onPartitionsAssigned     ] Topic 't2db-full-message-trans-intl' Partition '7' Redis offSet '2' Curr Offset '2'
2023-09-30 16:31:28.705 [FATAL] [full-message-trans-intl-3] [c.i.b.c.k.s.c.Consumer        ] [onPartitionsAssigned     ] Topic 't2db-full-message-trans-intl' Partition '9' Redis offSet '6' Curr Offset '6'
2023-09-30 16:31:28.706 [FATAL] [full-message-trans-intl-1] [c.i.b.c.k.s.c.Consumer        ] [onPartitionsAssigned     ] Topic 't2db-full-message-trans-intl' Partition '2' Redis offSet '4' Curr Offset '4'
2023-09-30 16:31:28.706 [FATAL] [full-message-trans-intl-1] [c.i.b.c.k.s.c.Consumer        ] [onPartitionsAssigned     ] Topic 't2db-full-message-trans-intl' Partition '3' Redis offSet '6' Curr Offset '6'
2023-09-30 16:31:29.036 [FATAL] [t2db-deliveries-trans-1  ] [c.i.b.c.k.s.c.Consumer        ] [onPartitionsAssigned     ] Topic 't2db-deliveries-trans' Partition '3' Redis offSet '25' Curr Offset '25'
2023-09-30 16:31:29.037 [FATAL] [t2db-deliveries-trans-1  ] [c.i.b.c.k.s.c.Consumer        ] [onPartitionsAssigned     ] Topic 't2db-deliveries-trans' Partition '2' Redis offSet '20' Curr Offset '20'
2023-09-30 16:31:29.043 [FATAL] [t2db-deliveries-trans-2  ] [c.i.b.c.k.s.c.Consumer        ] [onPartitionsAssigned     ] Topic 't2db-deliveries-trans' Partition '7' Redis offSet '27' Curr Offset '27'
2023-09-30 16:31:29.043 [FATAL] [t2db-deliveries-trans-2  ] [c.i.b.c.k.s.c.Consumer        ] [onPartitionsAssigned     ] Topic 't2db-deliveries-trans' Partition '6' Redis offSet '29' Curr Offset '29'
2023-09-30 16:31:29.063 [FATAL] [t2db-deliveries-trans-3  ] [c.i.b.c.k.s.c.Consumer        ] [onPartitionsAssigned     ] Topic 't2db-deliveries-trans' Partition '9' Redis offSet '27' Curr Offset '27'
2023-09-30 16:31:29.066 [FATAL] [b-deliveries-trans-intl-1] [c.i.b.c.k.s.c.Consumer        ] [onPartitionsAssigned     ] Topic 't2db-deliveries-trans-intl' Partition '3' Redis offSet '8' Curr Offset '8'
2023-09-30 16:31:29.066 [FATAL] [b-deliveries-trans-intl-1] [c.i.b.c.k.s.c.Consumer        ] [onPartitionsAssigned     ] Topic 't2db-deliveries-trans-intl' Partition '2' Redis offSet '10' Curr Offset '10'
2023-09-30 16:31:29.087 [FATAL] [b-deliveries-trans-intl-2] [c.i.b.c.k.s.c.Consumer        ] [onPartitionsAssigned     ] Topic 't2db-deliveries-trans-intl' Partition '7' Redis offSet '7' Curr Offset '7'
2023-09-30 16:31:29.087 [FATAL] [b-deliveries-trans-intl-2] [c.i.b.c.k.s.c.Consumer        ] [onPartitionsAssigned     ] Topic 't2db-deliveries-trans-intl' Partition '6' Redis offSet '8' Curr Offset '8'
2023-09-30 16:31:29.088 [FATAL] [b-deliveries-trans-intl-3] [c.i.b.c.k.s.c.Consumer        ] [onPartitionsAssigned     ] Topic 't2db-deliveries-trans-intl' Partition '9' Redis offSet '4' Curr Offset '4'
2023-09-30 16:31:30.670 [FATAL] [b-submission-trans-intl-1] [c.i.b.c.k.s.c.Consumer        ] [onPartitionsAssigned     ] Topic 't2db-submission-trans-intl' Partition '2' Redis offSet '4' Curr Offset '4'
2023-09-30 16:31:30.670 [FATAL] [b-submission-trans-intl-1] [c.i.b.c.k.s.c.Consumer        ] [onPartitionsAssigned     ] Topic 't2db-submission-trans-intl' Partition '3' Redis offSet '7' Curr Offset '7'
2023-09-30 16:31:30.672 [FATAL] [t2db-submission-trans-1  ] [c.i.b.c.k.s.c.Consumer        ] [onPartitionsAssigned     ] Topic 't2db-submission-trans' Partition '2' Redis offSet '32' Curr Offset '32'
2023-09-30 16:31:30.672 [FATAL] [t2db-submission-trans-1  ] [c.i.b.c.k.s.c.Consumer        ] [onPartitionsAssigned     ] Topic 't2db-submission-trans' Partition '3' Redis offSet '42' Curr Offset '42'
2023-09-30 16:31:30.674 [FATAL] [b-submission-trans-intl-2] [c.i.b.c.k.s.c.Consumer        ] [onPartitionsAssigned     ] Topic 't2db-submission-trans-intl' Partition '6' Redis offSet '3' Curr Offset '3'
2023-09-30 16:31:30.674 [FATAL] [t2db-submission-trans-2  ] [c.i.b.c.k.s.c.Consumer        ] [onPartitionsAssigned     ] Topic 't2db-submission-trans' Partition '6' Redis offSet '28' Curr Offset '28'
2023-09-30 16:31:30.674 [FATAL] [b-submission-trans-intl-2] [c.i.b.c.k.s.c.Consumer        ] [onPartitionsAssigned     ] Topic 't2db-submission-trans-intl' Partition '7' Redis offSet '3' Curr Offset '3'
2023-09-30 16:31:30.674 [FATAL] [t2db-submission-trans-2  ] [c.i.b.c.k.s.c.Consumer        ] [onPartitionsAssigned     ] Topic 't2db-submission-trans' Partition '7' Redis offSet '44' Curr Offset '44'
2023-09-30 16:31:30.674 [FATAL] [t2db-submission-trans-3  ] [c.i.b.c.k.s.c.Consumer        ] [onPartitionsAssigned     ] Topic 't2db-submission-trans' Partition '9' Redis offSet '26' Curr Offset '26'
2023-09-30 16:31:30.675 [FATAL] [b-submission-trans-intl-3] [c.i.b.c.k.s.c.Consumer        ] [onPartitionsAssigned     ] Topic 't2db-submission-trans-intl' Partition '9' Redis offSet '7' Curr Offset '7'
2023-09-30 16:31:31.410 [FATAL] [lr-processor-trans-intl-2] [c.i.b.c.k.s.c.Consumer        ] [onPartitionsAssigned     ] Topic 'dlr-processor-trans-intl' Partition '7' Redis offSet '3' Curr Offset '3'
2023-09-30 16:31:31.410 [FATAL] [lr-processor-trans-intl-2] [c.i.b.c.k.s.c.Consumer        ] [onPartitionsAssigned     ] Topic 'dlr-processor-trans-intl' Partition '6' Redis offSet '2' Curr Offset '2'
2023-09-30 16:31:31.411 [FATAL] [lr-processor-trans-intl-1] [c.i.b.c.k.s.c.Consumer        ] [onPartitionsAssigned     ] Topic 'dlr-processor-trans-intl' Partition '3' Redis offSet '2' Curr Offset '2'
2023-09-30 16:31:31.411 [FATAL] [lr-processor-trans-intl-1] [c.i.b.c.k.s.c.Consumer        ] [onPartitionsAssigned     ] Topic 'dlr-processor-trans-intl' Partition '2' Redis offSet '2' Curr Offset '2'
2023-09-30 16:31:31.413 [FATAL] [lr-processor-trans-intl-3] [c.i.b.c.k.s.c.Consumer        ] [onPartitionsAssigned     ] Topic 'dlr-processor-trans-intl' Partition '9' Redis offSet '3' Curr Offset '3'
2023-09-30 16:31:31.451 [FATAL] [o-payload-dn-trans-intl-1] [c.i.b.c.k.s.c.Consumer        ] [onPartitionsAssigned     ] Topic 't2db-no-payload-dn-trans-intl' Partition '0' Redis offSet '0' Curr Offset '0'
2023-09-30 16:31:31.451 [FATAL] [o-payload-dn-trans-intl-2] [c.i.b.c.k.s.c.Consumer        ] [onPartitionsAssigned     ] Topic 't2db-no-payload-dn-trans-intl' Partition '4' Redis offSet '0' Curr Offset '0'
2023-09-30 16:31:31.451 [FATAL] [o-payload-dn-trans-intl-1] [c.i.b.c.k.s.c.Consumer        ] [onPartitionsAssigned     ] Topic 't2db-no-payload-dn-trans-intl' Partition '1' Redis offSet '0' Curr Offset '0'
2023-09-30 16:31:31.451 [FATAL] [o-payload-dn-trans-intl-3] [c.i.b.c.k.s.c.Consumer        ] [onPartitionsAssigned     ] Topic 't2db-no-payload-dn-trans-intl' Partition '7' Redis offSet '0' Curr Offset '0'
2023-09-30 16:31:31.451 [FATAL] [o-payload-dn-trans-intl-3] [c.i.b.c.k.s.c.Consumer        ] [onPartitionsAssigned     ] Topic 't2db-no-payload-dn-trans-intl' Partition '8' Redis offSet '0' Curr Offset '0'
2023-09-30 16:31:31.452 [FATAL] [2db-no-payload-dn-trans-2] [c.i.b.c.k.s.c.Consumer        ] [onPartitionsAssigned     ] Topic 't2db-no-payload-dn-trans' Partition '4' Redis offSet '0' Curr Offset '0'
2023-09-30 16:31:31.451 [FATAL] [o-payload-dn-trans-intl-2] [c.i.b.c.k.s.c.Consumer        ] [onPartitionsAssigned     ] Topic 't2db-no-payload-dn-trans-intl' Partition '5' Redis offSet '0' Curr Offset '0'
2023-09-30 16:31:31.452 [FATAL] [2db-no-payload-dn-trans-2] [c.i.b.c.k.s.c.Consumer        ] [onPartitionsAssigned     ] Topic 't2db-no-payload-dn-trans' Partition '5' Redis offSet '0' Curr Offset '0'
2023-09-30 16:31:31.452 [FATAL] [2db-no-payload-dn-trans-2] [c.i.b.c.k.s.c.Consumer        ] [onPartitionsAssigned     ] Topic 't2db-no-payload-dn-trans' Partition '6' Redis offSet '2' Curr Offset '2'
2023-09-30 16:31:31.453 [FATAL] [2db-no-payload-dn-trans-3] [c.i.b.c.k.s.c.Consumer        ] [onPartitionsAssigned     ] Topic 't2db-no-payload-dn-trans' Partition '7' Redis offSet '0' Curr Offset '0'
2023-09-30 16:31:31.454 [FATAL] [2db-no-payload-dn-trans-3] [c.i.b.c.k.s.c.Consumer        ] [onPartitionsAssigned     ] Topic 't2db-no-payload-dn-trans' Partition '8' Redis offSet '0' Curr Offset '0'
2023-09-30 16:31:31.454 [FATAL] [2db-no-payload-dn-trans-3] [c.i.b.c.k.s.c.Consumer        ] [onPartitionsAssigned     ] Topic 't2db-no-payload-dn-trans' Partition '9' Redis offSet '0' Curr Offset '0'
2023-09-30 16:31:31.455 [FATAL] [o-payload-dn-trans-intl-2] [c.i.b.c.k.s.c.Consumer        ] [onPartitionsAssigned     ] Topic 't2db-no-payload-dn-trans-intl' Partition '6' Redis offSet '0' Curr Offset '0'
2023-09-30 16:31:31.451 [FATAL] [o-payload-dn-trans-intl-1] [c.i.b.c.k.s.c.Consumer        ] [onPartitionsAssigned     ] Topic 't2db-no-payload-dn-trans-intl' Partition '2' Redis offSet '0' Curr Offset '0'
2023-09-30 16:31:31.456 [FATAL] [o-payload-dn-trans-intl-1] [c.i.b.c.k.s.c.Consumer        ] [onPartitionsAssigned     ] Topic 't2db-no-payload-dn-trans-intl' Partition '3' Redis offSet '0' Curr Offset '0'
2023-09-30 16:31:31.452 [FATAL] [o-payload-dn-trans-intl-3] [c.i.b.c.k.s.c.Consumer        ] [onPartitionsAssigned     ] Topic 't2db-no-payload-dn-trans-intl' Partition '9' Redis offSet '0' Curr Offset '0'
2023-09-30 16:31:31.458 [FATAL] [2db-no-payload-dn-trans-1] [c.i.b.c.k.s.c.Consumer        ] [onPartitionsAssigned     ] Topic 't2db-no-payload-dn-trans' Partition '1' Redis offSet '0' Curr Offset '0'
2023-09-30 16:31:31.458 [FATAL] [2db-no-payload-dn-trans-1] [c.i.b.c.k.s.c.Consumer        ] [onPartitionsAssigned     ] Topic 't2db-no-payload-dn-trans' Partition '2' Redis offSet '0' Curr Offset '0'
2023-09-30 16:31:31.458 [FATAL] [2db-no-payload-dn-trans-1] [c.i.b.c.k.s.c.Consumer        ] [onPartitionsAssigned     ] Topic 't2db-no-payload-dn-trans' Partition '3' Redis offSet '0' Curr Offset '0'
2023-09-30 16:31:31.459 [FATAL] [2db-no-payload-dn-trans-1] [c.i.b.c.k.s.c.Consumer        ] [onPartitionsAssigned     ] Topic 't2db-no-payload-dn-trans' Partition '0' Redis offSet '0' Curr Offset '0'
2023-09-30 16:31:31.502 [FATAL] [dlr-processor-trans-1    ] [c.i.b.c.k.s.c.Consumer        ] [onPartitionsAssigned     ] Topic 'dlr-processor-trans' Partition '3' Redis offSet '5' Curr Offset '5'
2023-09-30 16:31:31.503 [FATAL] [dlr-processor-trans-1    ] [c.i.b.c.k.s.c.Consumer        ] [onPartitionsAssigned     ] Topic 'dlr-processor-trans' Partition '2' Redis offSet '11' Curr Offset '11'
2023-09-30 16:31:31.508 [FATAL] [dlr-processor-trans-2    ] [c.i.b.c.k.s.c.Consumer        ] [onPartitionsAssigned     ] Topic 'dlr-processor-trans' Partition '7' Redis offSet '8' Curr Offset '8'
2023-09-30 16:31:31.508 [FATAL] [dlr-processor-trans-2    ] [c.i.b.c.k.s.c.Consumer        ] [onPartitionsAssigned     ] Topic 'dlr-processor-trans' Partition '6' Redis offSet '8' Curr Offset '8'
2023-09-30 16:31:31.603 [FATAL] [dlr-processor-trans-3    ] [c.i.b.c.k.s.c.Consumer        ] [onPartitionsAssigned     ] Topic 'dlr-processor-trans' Partition '9' Redis offSet '11' Curr Offset '11'
2023-09-30 16:31:31.876 [FATAL] [-billing-consumer-trans-2] [c.i.b.c.k.s.c.Consumer        ] [onPartitionsAssigned     ] Topic 'submission-billing-consumer-trans' Partition '6' Redis offSet '14' Curr Offset '14'
2023-09-30 16:31:31.876 [FATAL] [-billing-consumer-trans-2] [c.i.b.c.k.s.c.Consumer        ] [onPartitionsAssigned     ] Topic 'submission-billing-consumer-trans' Partition '7' Redis offSet '8' Curr Offset '8'
2023-09-30 16:31:31.877 [FATAL] [-billing-consumer-trans-3] [c.i.b.c.k.s.c.Consumer        ] [onPartitionsAssigned     ] Topic 'submission-billing-consumer-trans' Partition '9' Redis offSet '8' Curr Offset '8'
2023-09-30 16:31:31.878 [FATAL] [ing-consumer-trans-intl-1] [c.i.b.c.k.s.c.Consumer        ] [onPartitionsAssigned     ] Topic 'submission-billing-consumer-trans-intl' Partition '3' Redis offSet '6' Curr Offset '6'
2023-09-30 16:31:31.878 [FATAL] [ing-consumer-trans-intl-1] [c.i.b.c.k.s.c.Consumer        ] [onPartitionsAssigned     ] Topic 'submission-billing-consumer-trans-intl' Partition '2' Redis offSet '3' Curr Offset '3'
2023-09-30 16:31:31.878 [FATAL] [-billing-consumer-trans-1] [c.i.b.c.k.s.c.Consumer        ] [onPartitionsAssigned     ] Topic 'submission-billing-consumer-trans' Partition '2' Redis offSet '7' Curr Offset '7'
2023-09-30 16:31:31.878 [FATAL] [-billing-consumer-trans-1] [c.i.b.c.k.s.c.Consumer        ] [onPartitionsAssigned     ] Topic 'submission-billing-consumer-trans' Partition '3' Redis offSet '10' Curr Offset '10'
2023-09-30 16:31:31.879 [FATAL] [ing-consumer-trans-intl-2] [c.i.b.c.k.s.c.Consumer        ] [onPartitionsAssigned     ] Topic 'submission-billing-consumer-trans-intl' Partition '7' Redis offSet '4' Curr Offset '4'
2023-09-30 16:31:31.879 [FATAL] [ing-consumer-trans-intl-2] [c.i.b.c.k.s.c.Consumer        ] [onPartitionsAssigned     ] Topic 'submission-billing-consumer-trans-intl' Partition '6' Redis offSet '2' Curr Offset '2'
2023-09-30 16:31:31.882 [FATAL] [ing-consumer-trans-intl-3] [c.i.b.c.k.s.c.Consumer        ] [onPartitionsAssigned     ] Topic 'submission-billing-consumer-trans-intl' Partition '9' Redis offSet '4' Curr Offset '4'
2023-09-30 16:32:06.443 [DEBUG] [dlr-processor-trans-1    ] [c.i.b.c.k.s.c.Consumer        ] [process                  ] Topic Name : 'dlr-processor-trans-1 Time taken 89 records 1
2023-09-30 16:32:06.452 [DEBUG] [dlr-processor-trans-1    ] [c.i.b.c.k.s.c.Consumer        ] [processRecords           ] Consumed 	dlr-processor-trans	3	5
2023-09-30 16:32:06.472 [DEBUG] [t2db-full-message-trans-2] [c.i.b.c.k.s.c.Consumer        ] [process                  ] Topic Name : 't2db-full-message-trans-2 Time taken 7 records 1
2023-09-30 16:32:06.472 [DEBUG] [t2db-full-message-trans-2] [c.i.b.c.k.s.c.Consumer        ] [processRecords           ] Consumed 	t2db-full-message-trans	7	33
2023-09-30 16:32:06.494 [DEBUG] [t2db-full-message-trans-2] [c.i.b.c.k.s.c.Consumer        ] [ateRedisAndCommitConsumer] Topic Name : 't2db-full-message-trans-2 Committing now. Record count        1 mLastCommitted Sat Sep 30 16:31:28 IST 2023
2023-09-30 16:32:06.500 [DEBUG] [dlr-processor-trans-1    ] [c.i.b.c.k.s.c.Consumer        ] [ateRedisAndCommitConsumer] Topic Name : 'dlr-processor-trans-1 Committing now. Record count        1 mLastCommitted Sat Sep 30 16:31:28 IST 2023
2023-09-30 16:32:06.823 [FATAL] [sor~dlr-processor-trans~7] [c.i.b.c.k.s.c.Consumer        ] [addProducer              ] Topic 'dlr-processor-trans' adding Producer with Thread id '202' and Producer 'Producer [mComponent=T2DB_DELIVERIES, mTopicName=t2db-deliveries-trans, lastFlushed=1696071726776]' with consumer Consumer [mComponent=DNP, mTopicName=dlr-processor-trans, mLastCommitted=1696071726506]
2023-09-30 16:32:06.823 [FATAL] [sor~dlr-processor-trans~7] [c.i.b.c.k.s.c.Consumer        ] [addProducer              ] Topic 'dlr-processor-trans' adding Producer with Thread id '202' and Producer 'Producer [mComponent=T2DB_DELIVERIES, mTopicName=t2db-deliveries-trans, lastFlushed=1696071726776]' with consumer Consumer [mComponent=DNP, mTopicName=dlr-processor-trans, mLastCommitted=1696071688474]
2023-09-30 16:32:06.823 [FATAL] [sor~dlr-processor-trans~7] [c.i.b.c.k.s.c.Consumer        ] [addProducer              ] Topic 'dlr-processor-trans' adding Producer with Thread id '202' and Producer 'Producer [mComponent=T2DB_DELIVERIES, mTopicName=t2db-deliveries-trans, lastFlushed=1696071726776]' with consumer Consumer [mComponent=DNP, mTopicName=dlr-processor-trans, mLastCommitted=1696071688489]
2023-09-30 16:32:06.823 [FATAL] [sor~dlr-processor-trans~7] [c.i.b.c.k.s.c.Consumer        ] [addProducer              ] Topic 'dlr-processor-trans-intl' adding Producer with Thread id '202' and Producer 'Producer [mComponent=T2DB_DELIVERIES, mTopicName=t2db-deliveries-trans, lastFlushed=1696071726776]' with consumer Consumer [mComponent=DNP, mTopicName=dlr-processor-trans-intl, mLastCommitted=1696071688494]
2023-09-30 16:32:06.823 [FATAL] [sor~dlr-processor-trans~7] [c.i.b.c.k.s.c.Consumer        ] [addProducer              ] Topic 'dlr-processor-trans-intl' adding Producer with Thread id '202' and Producer 'Producer [mComponent=T2DB_DELIVERIES, mTopicName=t2db-deliveries-trans, lastFlushed=1696071726776]' with consumer Consumer [mComponent=DNP, mTopicName=dlr-processor-trans-intl, mLastCommitted=1696071688499]
2023-09-30 16:32:06.824 [FATAL] [sor~dlr-processor-trans~7] [c.i.b.c.k.s.c.Consumer        ] [addProducer              ] Topic 'dlr-processor-trans-intl' adding Producer with Thread id '202' and Producer 'Producer [mComponent=T2DB_DELIVERIES, mTopicName=t2db-deliveries-trans, lastFlushed=1696071726776]' with consumer Consumer [mComponent=DNP, mTopicName=dlr-processor-trans-intl, mLastCommitted=1696071688504]
2023-09-30 16:32:06.911 [DEBUG] [t2db-deliveries-trans-1  ] [c.i.b.c.k.s.c.Consumer        ] [process                  ] Topic Name : 't2db-deliveries-trans-1 Time taken 2 records 1
2023-09-30 16:32:06.911 [DEBUG] [t2db-deliveries-trans-1  ] [c.i.b.c.k.s.c.Consumer        ] [processRecords           ] Consumed 	t2db-deliveries-trans	3	25
2023-09-30 16:32:06.912 [DEBUG] [t2db-deliveries-trans-1  ] [c.i.b.c.k.s.c.Consumer        ] [ateRedisAndCommitConsumer] Topic Name : 't2db-deliveries-trans-1 Committing now. Record count        1 mLastCommitted Sat Sep 30 16:31:28 IST 2023
